[    0.000000] Initializing cgroup subsys cpuset
[    0.000000] Initializing cgroup subsys cpu
[    0.000000] Initializing cgroup subsys cpuacct
[    0.000000] Linux version 4.4.0-179-generic (buildd@lcy01-amd64-014) (gcc version 5.4.0 20160609 (Ubuntu 5.4.0-6ubuntu1~16.04.12) ) #209-Ubuntu SMP Fri Apr 24 17:48:44 UTC 2020 (Ubuntu 4.4.0-179.209-generic 4.4.219)
[    0.000000] Command line: BOOT_IMAGE=/boot/vmlinuz-4.4.0-179-generic root=LABEL=cloudimg-rootfs ro console=tty1 console=ttyS0
[    0.000000] KERNEL supported cpus:
[    0.000000]   Intel GenuineIntel
[    0.000000]   AMD AuthenticAMD
[    0.000000]   Centaur CentaurHauls
[    0.000000] x86/fpu: xstate_offset[2]:  576, xstate_sizes[2]:  256
[    0.000000] x86/fpu: Supporting XSAVE feature 0x01: 'x87 floating point registers'
[    0.000000] x86/fpu: Supporting XSAVE feature 0x02: 'SSE registers'
[    0.000000] x86/fpu: Supporting XSAVE feature 0x04: 'AVX registers'
[    0.000000] x86/fpu: Enabled xstate features 0x7, context size is 832 bytes, using 'standard' format.
[    0.000000] e820: BIOS-provided physical RAM map:
[    0.000000] BIOS-e820: [mem 0x0000000000000000-0x000000000009fbff] usable
[    0.000000] BIOS-e820: [mem 0x000000000009fc00-0x000000000009ffff] reserved
[    0.000000] BIOS-e820: [mem 0x00000000000f0000-0x00000000000fffff] reserved
[    0.000000] BIOS-e820: [mem 0x0000000000100000-0x000000003ffeffff] usable
[    0.000000] BIOS-e820: [mem 0x000000003fff0000-0x000000003fffffff] ACPI data
[    0.000000] BIOS-e820: [mem 0x00000000fec00000-0x00000000fec00fff] reserved
[    0.000000] BIOS-e820: [mem 0x00000000fee00000-0x00000000fee00fff] reserved
[    0.000000] BIOS-e820: [mem 0x00000000fffc0000-0x00000000ffffffff] reserved
[    0.000000] NX (Execute Disable) protection: active
[    0.000000] SMBIOS 2.5 present.
[    0.000000] Hypervisor detected: KVM
[    0.000000] e820: last_pfn = 0x3fff0 max_arch_pfn = 0x400000000
[    0.000000] MTRR: Disabled
[    0.000000] x86/PAT: MTRRs disabled, skipping PAT initialization too.
[    0.000000] CPU MTRRs all blank - virtualized system.
[    0.000000] x86/PAT: Configuration [0-7]: WB  WT  UC- UC  WB  WT  UC- UC  
[    0.000000] found SMP MP-table at [mem 0x0009fff0-0x0009ffff] mapped at [ffff88000009fff0]
[    0.000000] Scanning 1 areas for low memory corruption
[    0.000000] RAMDISK: [mem 0x362e2000-0x37168fff]
[    0.000000] ACPI: Early table checksum verification disabled
[    0.000000] ACPI: RSDP 0x00000000000E0000 000024 (v02 VBOX  )
[    0.000000] ACPI: XSDT 0x000000003FFF0030 00003C (v01 VBOX   VBOXXSDT 00000001 ASL  00000061)
[    0.000000] ACPI: FACP 0x000000003FFF00F0 0000F4 (v04 VBOX   VBOXFACP 00000001 ASL  00000061)
[    0.000000] ACPI: DSDT 0x000000003FFF0470 002325 (v02 VBOX   VBOXBIOS 00000002 INTL 20100528)
[    0.000000] ACPI: FACS 0x000000003FFF0200 000040
[    0.000000] ACPI: FACS 0x000000003FFF0200 000040
[    0.000000] ACPI: APIC 0x000000003FFF0240 00005C (v02 VBOX   VBOXAPIC 00000001 ASL  00000061)
[    0.000000] ACPI: SSDT 0x000000003FFF02A0 0001CC (v01 VBOX   VBOXCPUT 00000002 INTL 20100528)
[    0.000000] No NUMA configuration found
[    0.000000] Faking a node at [mem 0x0000000000000000-0x000000003ffeffff]
[    0.000000] NODE_DATA(0) allocated [mem 0x3ffeb000-0x3ffeffff]
[    0.000000] kvm-clock: Using msrs 4b564d01 and 4b564d00
[    0.000000] kvm-clock: cpu 0, msr 0:3ffe3001, primary cpu clock
[    0.000000] kvm-clock: using sched offset of 4210852150 cycles
[    0.000000] clocksource: kvm-clock: mask: 0xffffffffffffffff max_cycles: 0x1cd42e4dffb, max_idle_ns: 881590591483 ns
[    0.000000] Zone ranges:
[    0.000000]   DMA      [mem 0x0000000000001000-0x0000000000ffffff]
[    0.000000]   DMA32    [mem 0x0000000001000000-0x000000003ffeffff]
[    0.000000]   Normal   empty
[    0.000000]   Device   empty
[    0.000000] Movable zone start for each node
[    0.000000] Early memory node ranges
[    0.000000]   node   0: [mem 0x0000000000001000-0x000000000009efff]
[    0.000000]   node   0: [mem 0x0000000000100000-0x000000003ffeffff]
[    0.000000] Initmem setup node 0 [mem 0x0000000000001000-0x000000003ffeffff]
[    0.000000] ACPI: PM-Timer IO Port: 0x4008
[    0.000000] IOAPIC[0]: apic_id 2, version 32, address 0xfec00000, GSI 0-23
[    0.000000] ACPI: INT_SRC_OVR (bus 0 bus_irq 0 global_irq 2 dfl dfl)
[    0.000000] ACPI: INT_SRC_OVR (bus 0 bus_irq 9 global_irq 9 low level)
[    0.000000] Using ACPI (MADT) for SMP configuration information
[    0.000000] smpboot: Allowing 2 CPUs, 0 hotplug CPUs
[    0.000000] PM: Registered nosave memory: [mem 0x00000000-0x00000fff]
[    0.000000] PM: Registered nosave memory: [mem 0x0009f000-0x0009ffff]
[    0.000000] PM: Registered nosave memory: [mem 0x000a0000-0x000effff]
[    0.000000] PM: Registered nosave memory: [mem 0x000f0000-0x000fffff]
[    0.000000] e820: [mem 0x40000000-0xfebfffff] available for PCI devices
[    0.000000] Booting paravirtualized kernel on KVM
[    0.000000] clocksource: refined-jiffies: mask: 0xffffffff max_cycles: 0xffffffff, max_idle_ns: 7645519600211568 ns
[    0.000000] setup_percpu: NR_CPUS:512 nr_cpumask_bits:512 nr_cpu_ids:2 nr_node_ids:1
[    0.000000] PERCPU: Embedded 33 pages/cpu @ffff88003fc00000 s95448 r8192 d31528 u1048576
[    0.000000] Built 1 zonelists in Node order, mobility grouping on.  Total pages: 257912
[    0.000000] Policy zone: DMA32
[    0.000000] Kernel command line: BOOT_IMAGE=/boot/vmlinuz-4.4.0-179-generic root=LABEL=cloudimg-rootfs ro console=tty1 console=ttyS0
[    0.000000] PID hash table entries: 4096 (order: 3, 32768 bytes)
[    0.000000] Memory: 997676K/1048120K available (8630K kernel code, 1336K rwdata, 4036K rodata, 1488K init, 1292K bss, 50444K reserved, 0K cma-reserved)
[    0.000000] SLUB: HWalign=64, Order=0-3, MinObjects=0, CPUs=2, Nodes=1
[    0.000000] Kernel/User page tables isolation: enabled
[    0.000000] Hierarchical RCU implementation.
[    0.000000] 	Build-time adjustment of leaf fanout to 64.
[    0.000000] 	RCU restricting CPUs from NR_CPUS=512 to nr_cpu_ids=2.
[    0.000000] RCU: Adjusting geometry for rcu_fanout_leaf=64, nr_cpu_ids=2
[    0.000000] NR_IRQS:33024 nr_irqs:440 16
[    0.000000] Console: colour VGA+ 80x25
[    0.000000] console [tty1] enabled
[    0.000000] console [ttyS0] enabled
[    0.000000] tsc: Detected 2495.998 MHz processor
[    0.271913] Calibrating delay loop (skipped) preset value.. 4991.99 BogoMIPS (lpj=9983992)
[    0.275847] pid_max: default: 32768 minimum: 301
[    0.280596] ACPI: Core revision 20150930
[    0.289822] ACPI: 2 ACPI AML tables successfully acquired and loaded
[    0.292707] Security Framework initialized
[    0.297671] Yama: becoming mindful.
[    0.299768] AppArmor: AppArmor initialized
[    0.301788] Dentry cache hash table entries: 131072 (order: 8, 1048576 bytes)
[    0.306911] Inode-cache hash table entries: 65536 (order: 7, 524288 bytes)
[    0.308723] Mount-cache hash table entries: 2048 (order: 2, 16384 bytes)
[    0.313316] Mountpoint-cache hash table entries: 2048 (order: 2, 16384 bytes)
[    0.316159] Initializing cgroup subsys io
[    0.317495] Initializing cgroup subsys memory
[    0.320005] Initializing cgroup subsys devices
[    0.321580] Initializing cgroup subsys freezer
[    0.323629] Initializing cgroup subsys net_cls
[    0.325168] Initializing cgroup subsys perf_event
[    0.329505] Initializing cgroup subsys net_prio
[    0.332591] Initializing cgroup subsys hugetlb
[    0.334216] Initializing cgroup subsys pids
[    0.336698] mce: CPU supports 0 MCE banks
[    0.337873] Last level iTLB entries: 4KB 64, 2MB 8, 4MB 8
[    0.340259] Last level dTLB entries: 4KB 64, 2MB 0, 4MB 0, 1GB 4
[    0.342547] Spectre V1 : Mitigation: usercopy/swapgs barriers and __user pointer sanitization
[    0.350256] Spectre V2 : Mitigation: Full generic retpoline
[    0.352185] Spectre V2 : Spectre v2 / SpectreRSB mitigation: Filling RSB on context switch
[    0.356445] Speculative Store Bypass: Vulnerable
[    0.357696] MDS: Mitigation: Clear CPU buffers
[    0.363583] Freeing SMP alternatives memory: 36K
[    0.374804] ftrace: allocating 32313 entries in 127 pages
[    0.447592] smpboot: APIC(0) Converting physical 0 to logical package 0
[    0.449897] smpboot: Max logical packages: 1
[    0.451628] x2apic enabled
[    0.453708] Switched APIC routing to physical x2apic.
[    0.456851] ..TIMER: vector=0x30 apic1=0 pin1=2 apic2=-1 pin2=-1
[    0.566528] smpboot: CPU0: Intel(R) Core(TM) i7-7660U CPU @ 2.50GHz (family: 0x6, model: 0x8e, stepping: 0x9)
[    0.570600] Performance Events: unsupported p6 CPU model 142 no PMU driver, software events only.
[    0.585480] KVM setup paravirtual spinlock
[    0.587491] x86: Booting SMP configuration:
[    0.588995] .... node  #0, CPUs:      #1
[    0.590191] kvm-clock: cpu 1, msr 0:3ffe3041, secondary cpu clock
[    0.598570] mce: CPU supports 0 MCE banks
[    0.606736] x86: Booted up 1 node, 2 CPUs
[    0.609199] smpboot: Total of 2 processors activated (9983.99 BogoMIPS)
[    0.616407] devtmpfs: initialized
[    0.620489] evm: security.selinux
[    0.621662] evm: security.SMACK64
[    0.623311] evm: security.SMACK64EXEC
[    0.624836] evm: security.SMACK64TRANSMUTE
[    0.655127] evm: security.SMACK64MMAP
[    0.703467] evm: security.ima
[    0.708799] evm: security.capability
[    0.721892] clocksource: jiffies: mask: 0xffffffff max_cycles: 0xffffffff, max_idle_ns: 7645041785100000 ns
[    0.736012] futex hash table entries: 512 (order: 3, 32768 bytes)
[    0.742146] pinctrl core: initialized pinctrl subsystem
[    0.747384] RTC time:  6:38:59, date: 06/07/20
[    0.750935] NET: Registered protocol family 16
[    0.765295] cpuidle: using governor ladder
[    0.777476] cpuidle: using governor menu
[    0.781085] PCCT header not found.
[    0.783657] ACPI: bus type PCI registered
[    0.786354] acpiphp: ACPI Hot Plug PCI Controller Driver version: 0.5
[    0.791861] PCI: Using configuration type 1 for base access
[    0.813150] ACPI: Added _OSI(Module Device)
[    0.815401] ACPI: Added _OSI(Processor Device)
[    0.817129] ACPI: Added _OSI(3.0 _SCP Extensions)
[    0.821616] ACPI: Added _OSI(Processor Aggregator Device)
[    0.825015] ACPI: Executed 1 blocks of module-level executable AML code
[    0.831935] ACPI: Interpreter enabled
[    0.833729] ACPI: (supports S0 S5)
[    0.835981] ACPI: Using IOAPIC for interrupt routing
[    0.839002] PCI: Using host bridge windows from ACPI; if necessary, use "pci=nocrs" and report a bug
[    0.855843] ACPI: PCI Root Bridge [PCI0] (domain 0000 [bus 00-ff])
[    0.861296] acpi PNP0A03:00: _OSC: OS supports [ASPM ClockPM Segments MSI]
[    0.865640] acpi PNP0A03:00: _OSC: not requesting OS control; OS requires [ExtendedConfig ASPM ClockPM MSI]
[    0.870064] acpi PNP0A03:00: fail to add MMCONFIG information, can't access extended PCI configuration space under this bridge.
[    0.885266] PCI host bridge to bus 0000:00
[    0.886773] pci_bus 0000:00: root bus resource [io  0x0000-0x0cf7 window]
[    0.888716] pci_bus 0000:00: root bus resource [io  0x0d00-0xffff window]
[    0.890398] pci_bus 0000:00: root bus resource [mem 0x000a0000-0x000bffff window]
[    0.893299] pci_bus 0000:00: root bus resource [mem 0x40000000-0xfdffffff window]
[    0.897246] pci_bus 0000:00: root bus resource [bus 00-ff]
[    0.903888] pci 0000:00:01.1: legacy IDE quirk: reg 0x10: [io  0x01f0-0x01f7]
[    0.906851] pci 0000:00:01.1: legacy IDE quirk: reg 0x14: [io  0x03f6]
[    0.910544] pci 0000:00:01.1: legacy IDE quirk: reg 0x18: [io  0x0170-0x0177]
[    0.913997] pci 0000:00:01.1: legacy IDE quirk: reg 0x1c: [io  0x0376]
[    0.941992] pci 0000:00:07.0: quirk: [io  0x4000-0x403f] claimed by PIIX4 ACPI
[    0.948858] pci 0000:00:07.0: quirk: [io  0x4100-0x410f] claimed by PIIX4 SMB
[    0.962514] ACPI: PCI Interrupt Link [LNKA] (IRQs 5 9 10 *11)
[    0.966227] ACPI: PCI Interrupt Link [LNKB] (IRQs 5 9 *10 11)
[    0.968529] ACPI: PCI Interrupt Link [LNKC] (IRQs 5 *9 10 11)
[    0.970556] ACPI: PCI Interrupt Link [LNKD] (IRQs 5 9 10 *11)
[    0.973666] ACPI: Enabled 2 GPEs in block 00 to 07
[    0.978690] vgaarb: setting as boot device: PCI:0000:00:02.0
[    0.982804] vgaarb: device added: PCI:0000:00:02.0,decodes=io+mem,owns=io+mem,locks=none
[    0.996483] vgaarb: loaded
[    0.998653] vgaarb: bridge control possible 0000:00:02.0
[    1.004441] SCSI subsystem initialized
[    1.005835] ACPI: bus type USB registered
[    1.007648] usbcore: registered new interface driver usbfs
[    1.010996] usbcore: registered new interface driver hub
[    1.013316] usbcore: registered new device driver usb
[    1.016837] PCI: Using ACPI for IRQ routing
[    1.018735] NetLabel: Initializing
[    1.019856] NetLabel:  domain hash size = 128
[    1.020927] NetLabel:  protocols = UNLABELED CIPSOv4
[    1.024089] NetLabel:  unlabeled traffic allowed by default
[    1.026129] amd_nb: Cannot enumerate AMD northbridges
[    1.029039] clocksource: Switched to clocksource kvm-clock
[    1.039513] AppArmor: AppArmor Filesystem Enabled
[    1.041383] pnp: PnP ACPI init
[    1.043467] pnp: PnP ACPI: found 3 devices
[    1.053134] clocksource: acpi_pm: mask: 0xffffff max_cycles: 0xffffff, max_idle_ns: 2085701024 ns
[    1.056468] NET: Registered protocol family 2
[    1.057994] TCP established hash table entries: 8192 (order: 4, 65536 bytes)
[    1.060126] TCP bind hash table entries: 8192 (order: 5, 131072 bytes)
[    1.065139] TCP: Hash tables configured (established 8192 bind 8192)
[    1.067294] UDP hash table entries: 512 (order: 2, 16384 bytes)
[    1.069535] UDP-Lite hash table entries: 512 (order: 2, 16384 bytes)
[    1.072358] NET: Registered protocol family 1
[    1.073814] pci 0000:00:00.0: Limiting direct PCI/PCI transfers
[    1.075223] pci 0000:00:01.0: Activating ISA DMA hang workarounds
[    1.077153] Unpacking initramfs...
[    1.430531] Freeing initrd memory: 14876K
[    1.431902] clocksource: tsc: mask: 0xffffffffffffffff max_cycles: 0x23fa754787d, max_idle_ns: 440795210092 ns
[    1.435249] platform rtc_cmos: registered platform RTC device (no PNP device found)
[    1.438014] Scanning for low memory corruption every 60 seconds
[    1.440573] audit: initializing netlink subsys (disabled)
[    1.442438] audit: type=2000 audit(1591511946.225:1): initialized
[    1.446023] Initialise system trusted keyring
[    1.448126] HugeTLB registered 2 MB page size, pre-allocated 0 pages
[    1.451252] zbud: loaded
[    1.452475] VFS: Disk quotas dquot_6.6.0
[    1.453838] VFS: Dquot-cache hash table entries: 512 (order 0, 4096 bytes)
[    1.456555] squashfs: version 4.0 (2009/01/31) Phillip Lougher
[    1.458546] fuse init (API version 7.23)
[    1.460411] Key type big_key registered
[    1.462119] Allocating IMA MOK and blacklist keyrings.
[    1.465768] Key type asymmetric registered
[    1.468093] Asymmetric key parser 'x509' registered
[    1.470397] Block layer SCSI generic (bsg) driver version 0.4 loaded (major 249)
[    1.473888] io scheduler noop registered
[    1.475142] io scheduler deadline registered (default)
[    1.478346] io scheduler cfq registered
[    1.480229] pci_hotplug: PCI Hot Plug PCI Core version: 0.5
[    1.482212] pciehp: PCI Express Hot Plug Controller Driver version: 0.4
[    1.484131] ACPI: AC Adapter [AC] (off-line)
[    1.485240] input: Power Button as /devices/LNXSYSTM:00/LNXPWRBN:00/input/input0
[    1.489400] ACPI: Power Button [PWRF]
[    1.491940] input: Sleep Button as /devices/LNXSYSTM:00/LNXSLPBN:00/input/input1
[    1.501743] ACPI: Sleep Button [SLPF]
[    1.503744] GHES: HEST is not enabled!
[    1.504838] ACPI: Battery Slot [BAT0] (battery present)
[    1.507107] Serial: 8250/16550 driver, 32 ports, IRQ sharing enabled
[    1.535147] 00:02: ttyS0 at I/O 0x3f8 (irq = 4, base_baud = 115200) is a 16550A
[    1.538644] Linux agpgart interface v0.103
[    1.542068] loop: module loaded
[    1.545847] scsi host0: ata_piix
[    1.547600] scsi host1: ata_piix
[    1.548652] ata1: PATA max UDMA/33 cmd 0x1f0 ctl 0x3f6 bmdma 0xd000 irq 14
[    1.550966] ata2: PATA max UDMA/33 cmd 0x170 ctl 0x376 bmdma 0xd008 irq 15
[    1.552896] libphy: Fixed MDIO Bus: probed
[    1.555032] tun: Universal TUN/TAP device driver, 1.6
[    1.557235] tun: (C) 1999-2004 Max Krasnyansky <maxk@qualcomm.com>
[    1.558984] PPP generic driver version 2.4.2
[    1.562437] ehci_hcd: USB 2.0 'Enhanced' Host Controller (EHCI) Driver
[    1.565098] ehci-pci: EHCI PCI platform driver
[    1.567015] ehci-platform: EHCI generic platform driver
[    1.568745] ohci_hcd: USB 1.1 'Open' Host Controller (OHCI) Driver
[    1.570431] ohci-pci: OHCI PCI platform driver
[    1.571750] ohci-platform: OHCI generic platform driver
[    1.573215] uhci_hcd: USB Universal Host Controller Interface driver
[    1.575482] i8042: PNP: PS/2 Controller [PNP0303:PS2K,PNP0f03:PS2M] at 0x60,0x64 irq 1,12
[    1.581637] serio: i8042 KBD port at 0x60,0x64 irq 1
[    1.583339] serio: i8042 AUX port at 0x60,0x64 irq 12
[    1.586771] mousedev: PS/2 mouse device common for all mice
[    1.590194] rtc_cmos rtc_cmos: rtc core: registered rtc_cmos as rtc0
[    1.592814] rtc_cmos rtc_cmos: alarms up to one day, 114 bytes nvram
[    1.596260] i2c /dev entries driver
[    1.598263] input: AT Translated Set 2 keyboard as /devices/platform/i8042/serio0/input/input2
[    1.604776] device-mapper: uevent: version 1.0.3
[    1.606354] device-mapper: ioctl: 4.34.0-ioctl (2015-10-28) initialised: dm-devel@redhat.com
[    1.608976] ledtrig-cpu: registered to indicate activity on CPUs
[    1.614215] NET: Registered protocol family 10
[    1.615877] NET: Registered protocol family 17
[    1.617609] Key type dns_resolver registered
[    1.620740] registered taskstats version 1
[    1.622358] Loading compiled-in X.509 certificates
[    1.624136] Loaded X.509 cert 'Build time autogenerated kernel key: a9e5689415cbbea5b40a198600f217117afda70c'
[    1.627950] zswap: loaded using pool lzo/zbud
[    1.632057] Key type trusted registered
[    1.635801] Key type encrypted registered
[    1.637102] AppArmor: AppArmor sha1 policy hashing enabled
[    1.647001] ima: No TPM chip found, activating TPM-bypass!
[    1.650412] ima: Allocated hash algorithm: sha1
[    1.651615] evm: HMAC attrs: 0x1
[    1.653697]   Magic number: 8:739:619
[    1.654786] rtc_cmos rtc_cmos: setting system clock to 2020-06-07 06:39:00 UTC (1591511940)
[    1.657435] BIOS EDD facility v0.16 2004-Jun-25, 0 devices found
[    1.659387] EDD information not available.
[    1.801085] Freeing unused kernel memory: 1488K
[    1.803032] Write protecting the kernel read-only data: 14336k
[    1.805156] Freeing unused kernel memory: 1600K
[    1.806548] Freeing unused kernel memory: 60K
Loading, please wait...
starting version 229
[    1.832490] random: systemd-udevd: uninitialized urandom read (16 bytes read, 3 bits of entropy available)
[    1.833299] random: udevadm: uninitialized urandom read (16 bytes read, 3 bits of entropy available)
[    1.833325] random: udevadm: uninitialized urandom read (16 bytes read, 3 bits of entropy available)
[    1.841803] random: udevadm: uninitialized urandom read (16 bytes read, 3 bits of entropy available)
[    1.841847] random: udevadm: uninitialized urandom read (16 bytes read, 3 bits of entropy available)
[    1.841985] random: udevadm: uninitialized urandom read (16 bytes read, 3 bits of entropy available)
[    1.842033] random: udevadm: uninitialized urandom read (16 bytes read, 3 bits of entropy available)
[    1.842081] random: udevadm: uninitialized urandom read (16 bytes read, 3 bits of entropy available)
[    1.842128] random: udevadm: uninitialized urandom read (16 bytes read, 3 bits of entropy available)
[    1.842173] random: udevadm: uninitialized urandom read (16 bytes read, 3 bits of entropy available)
[    2.012960] Fusion MPT base driver 3.04.20
[    2.014773] Copyright (c) 1999-2008 LSI Corporation
[    2.018039] e1000: Intel(R) PRO/1000 Network Driver - version 7.3.21-k8-NAPI
[    2.020758] e1000: Copyright (c) 1999-2006 Intel Corporation.
[    2.056915] AVX2 version of gcm_enc/dec engaged.
[    2.058821] AES CTR mode by8 optimization enabled
[    2.064243] Fusion MPT SPI Host driver 3.04.20
[    2.226909] input: ImExPS/2 Generic Explorer Mouse as /devices/platform/i8042/serio1/input/input4
[    2.501060] e1000 0000:00:03.0 eth0: (PCI:33MHz:32-bit) 02:7c:66:aa:a6:59
[    2.503984] e1000 0000:00:03.0 eth0: Intel(R) PRO/1000 Network Connection
[    2.506563] mptbase: ioc0: Initiating bringup
[    2.569996] ioc0: LSI53C1030 A0: Capabilities={Initiator}
[    2.736100] scsi host2: ioc0: LSI53C1030 A0, FwRev=00000000h, Ports=1, MaxQ=256, IRQ=20
[    2.853857] scsi 2:0:0:0: Direct-Access     VBOX     HARDDISK         1.0  PQ: 0 ANSI: 5
[    2.863481] scsi target2:0:0: Beginning Domain Validation
[    2.870794] scsi target2:0:0: Domain Validation skipping write tests
[    2.872660] scsi target2:0:0: Ending Domain Validation
[    2.874012] scsi target2:0:0: asynchronous
[    2.875454] scsi 2:0:1:0: Direct-Access     VBOX     HARDDISK         1.0  PQ: 0 ANSI: 5
[    2.879737] scsi target2:0:1: Beginning Domain Validation
[    2.885142] scsi target2:0:1: Domain Validation skipping write tests
[    2.887009] scsi target2:0:1: Ending Domain Validation
[    2.888474] scsi target2:0:1: asynchronous
[    2.913795] sd 2:0:0:0: Attached scsi generic sg0 type 0
[    2.924250] sd 2:0:0:0: [sda] 20971520 512-byte logical blocks: (10.7 GB/10.0 GiB)
[    2.936799] sd 2:0:1:0: Attached scsi generic sg1 type 0
[    2.938688] sd 2:0:1:0: [sdb] 20480 512-byte logical blocks: (10.5 MB/10.0 MiB)
[    2.941465] sd 2:0:1:0: [sdb] Write Protect is off
[    2.946222] sd 2:0:1:0: [sdb] Incomplete mode parameter data
[    2.948079] sd 2:0:1:0: [sdb] Assuming drive cache: write through
[    2.955335] sd 2:0:0:0: [sda] Write Protect is off
[    2.957159] sd 2:0:0:0: [sda] Incomplete mode parameter data
[    2.959445] sd 2:0:0:0: [sda] Assuming drive cache: write through
[    2.968147]  sda: sda1
[    2.969514] sd 2:0:1:0: [sdb] Attached SCSI disk
[    2.971742] sd 2:0:0:0: [sda] Attached SCSI disk
[    3.429901] e1000 0000:00:08.0 eth1: (PCI:33MHz:32-bit) 08:00:27:21:51:a4
[    3.433112] e1000 0000:00:08.0 eth1: Intel(R) PRO/1000 Network Connection
[    3.436946] e1000 0000:00:03.0 enp0s3: renamed from eth0
[    3.454149] e1000 0000:00:08.0 enp0s8: renamed from eth1
Begin: Loading essential drivers ... [    4.761902] md: linear personality registered for level -1
[    4.768008] md: multipath personality registered for level -4
[    4.771456] md: raid0 personality registered for level 0
[    4.776722] md: raid1 personality registered for level 1
[    4.853051] raid6: sse2x1   gen() 11194 MB/s
[    4.925073] raid6: sse2x1   xor()  7815 MB/s
[    4.997212] raid6: sse2x2   gen() 12829 MB/s
[    5.065117] raid6: sse2x2   xor()  9098 MB/s
[    5.133087] raid6: sse2x4   gen() 13741 MB/s
[    5.201297] raid6: sse2x4   xor()  9440 MB/s
[    5.269152] raid6: avx2x1   gen() 18826 MB/s
[    5.341580] raid6: avx2x2   gen() 24322 MB/s
[    5.409357] raid6: avx2x4   gen() 19981 MB/s
[    5.414683] raid6: using algorithm avx2x2 gen() 24322 MB/s
[    5.420057] raid6: using avx2x2 recovery algorithm
[    5.426369] xor: automatically using best checksumming function:
[    5.469271]    avx       : 11725.000 MB/sec
[    5.475904] async_tx: api initialized (async)
[    5.507485] md: raid6 personality registered for level 6
[    5.514068] md: raid5 personality registered for level 5
[    5.517808] md: raid4 personality registered for level 4
[    5.529948] md: raid10 personality registered for level 10
done.
Begin: Running /scripts/init-premount ... done.
Begin: Mounting root file system ... Begin: Running /scripts/local-top ... done.
Begin: Running /scripts/local-premount ... [    5.571504] Btrfs loaded
Scanning for Btrfs filesystems
done.
Warning: fsck not present, so skipping root file system
[    5.623541] EXT4-fs (sda1): mounted filesystem with ordered data mode. Opts: (null)
done.
Begin: Running /scripts/local-bottom ... done.
Begin: Running /scripts/init-bottom ... done.
[    5.730338] systemd[1]: systemd 229 running in system mode. (+PAM +AUDIT +SELINUX +IMA +APPARMOR +SMACK +SYSVINIT +UTMP +LIBCRYPTSETUP +GCRYPT +GNUTLS +ACL +XZ -LZ4 +SECCOMP +BLKID +ELFUTILS +KMOD -IDN)
[    5.737346] systemd[1]: Detected virtualization oracle.
[    5.739041] systemd[1]: Detected architecture x86-64.

Welcome to [1mUbuntu 16.04.6 LTS[0m!

[    5.750147] systemd[1]: Set hostname to <ubuntu>.
[    5.754740] systemd[1]: Initializing machine ID from random generator.
[    5.756532] systemd[1]: Installed transient /etc/machine-id file.
[    5.899036] systemd[1]: Reached target User and Group Name Lookups.
[[0;32m  OK  [0m] Reached target User and Group Name Lookups.
[    5.902959] systemd[1]: Listening on Syslog Socket.
[[0;32m  OK  [0m] Listening on Syslog Socket.
[    6.199684] systemd[1]: Listening on udev Kernel Socket.
[[0;32m  OK  [0m] Listening on udev Kernel Socket.
[    6.203840] systemd[1]: Reached target Encrypted Volumes.
[[0;32m  OK  [0m] Reached target Encrypted Volumes.
[    6.207041] systemd[1]: Listening on LVM2 metadata daemon socket.
[[0;32m  OK  [0m] Listening on LVM2 metadata daemon socket.
[    6.432165] systemd[1]: Reached target Swap.
[[0;32m  OK  [0m] Reached target Swap.
[    6.686530] systemd[1]: Created slice User and Session Slice.
[[0;32m  OK  [0m] Created slice User and Session Slice.
[    6.771278] systemd[1]: Listening on Device-mapper event daemon FIFOs.
[[0;32m  OK  [0m] Listening on Device-mapper event daemon FIFOs.
[    6.781766] systemd[1]: Reached target System Time Synchronized.
[[0;32m  OK  [0m] Reached target System Time Synchronized.
[    6.787279] systemd[1]: Started Trigger resolvconf update for networkd DNS.
[[0;32m  OK  [0m] Started Trigger resolvconf update for networkd DNS.
[    6.790747] systemd[1]: Set up automount Arbitrary Executable File Formats File System Automount Point.
[[0;32m  OK  [0m] Set up automount Arbitrary Executab...ats File System Automount Point.
[    7.692455] systemd[1]: Listening on /dev/initctl Compatibility Named Pipe.
[[0;32m  OK  [0m] Listening on /dev/initctl Compatibility Named Pipe.
[    7.780367] systemd[1]: Started Forward Password Requests to Wall Directory Watch.
[[0;32m  OK  [0m] Started Forward Password Requests to Wall Directory Watch.
[    7.792629] systemd[1]: Listening on Journal Audit Socket.
[[0;32m  OK  [0m] Listening on Journal Audit Socket.
[    7.800760] systemd[1]: Listening on Journal Socket (/dev/log).
[[0;32m  OK  [0m] Listening on Journal Socket (/dev/log).
[    7.809731] systemd[1]: Listening on LVM2 poll daemon socket.
[[0;32m  OK  [0m] Listening on LVM2 poll daemon socket.
[    8.683873] systemd[1]: Listening on udev Control Socket.
[[0;32m  OK  [0m] Listening on udev Control Socket.
[    8.781198] systemd[1]: Created slice System Slice.
[[0;32m  OK  [0m] Created slice System Slice.
[    8.785252] systemd[1]: Reached target Slices.
[[0;32m  OK  [0m] Reached target Slices.
[    8.788191] systemd[1]: Created slice system-serial\x2dgetty.slice.
[[0;32m  OK  [0m] Created slice system-serial\x2dgetty.slice.
[    8.791732] systemd[1]: Listening on Journal Socket.
[[0;32m  OK  [0m] Listening on Journal Socket.
[    9.794538] systemd[1]: Starting Uncomplicated firewall...
         Starting Uncomplicated firewall...
[    9.799710] systemd[1]: Starting Journal Service...
         Starting Journal Service...
[    9.804079] systemd[1]: Mounting Huge Pages File System...
         Mounting Huge Pages File System...
[    9.813874] systemd[1]: Starting Set console keymap...
         Starting Set console keymap...
[    9.820718] systemd[1]: Starting Load Kernel Modules...
         Starting Load Kernel Modules...
[    9.824615] systemd[1]: Mounting Debug File System...
         Mounting Debug File System...
[    9.830313] systemd[1]: Starting Nameserver information manager...
[    9.831959] Loading iSCSI transport class v2.0-870.
         Starting Nameserver information manager...
[    9.837859] systemd[1]: Starting Monitoring of LVM2 mirrors, snapshots etc. using dmeventd or progress polling...
         Starting Monitoring of LVM2 mirrors... dmeventd or progress polling...
[    9.847743] systemd[1]: Mounting POSIX Message Queue File System...
         Mounting POSIX Message Queue File System...
[    9.855015] systemd[1]: Starting Create list of required static device nodes for the current kernel...
[    9.859093] iscsi: registered transport (tcp)
         Starting Create list of required st... nodes for the current kernel...
[    9.863454] systemd[1]: Starting Remount Root and Kernel File Systems...
         Starting Remount Root and Kernel File Systems...
[    9.870030] systemd[1]: Mounted Huge Pages File System.
[[0;32m  OK  [0m] Mounted Huge Pag[    9.874269] EXT4-fs (sda1): re-mounted. Opts: (null)
es File System.
[    9.876265] systemd[1]: Mounted Debug File System.
[[0;32m  OK  [0m] Mounted Debug File System.
[    9.883273] systemd[1]: Mounted POSIX Message Queue File System.
[[0;32m  OK  [0m] Mounted POSIX Message Queue File System.
[    9.888078] systemd[1]: Started Journal Service.
[[0;32m  OK  [0m] Started Journal Service.
[[0;32m  OK  [0m] Started Uncomplicated firewall.
[    9.905526] iscsi: registered transport (iser)
[[0;32m  OK  [0m] Started Set console keymap.
[[0;32m  OK  [0m] Started Load Kernel Modules.
[[0;32m  OK  [0m] Started Create list of required sta...ce nodes for the current kernel.
[[0;32m  OK  [0m] Started Remount Root and Kernel File Systems.
[[0;32m  OK  [0m] Started Nameserver information manager.
[[0;32m  OK  [0m] Started LVM2 metadata daemon.
         Starting Load/Save Random Seed...
         Starting udev Coldplug all Devices...
         Starting Create Static Device Nodes in /dev...
         Starting Apply Kernel Variables...
         Mounting FUSE Control File System...
         Starting Flush Journal to Persistent Storage...
[[0;32m  OK  [0m] Mounted FUSE Control File System.
[[0;32m  OK  [0m] Started Load/Save Random Seed.
[[0;32m  OK  [0m] Started Apply Kernel Variables.
[[0;32m  OK  [0m] Started Flush Journal to Persistent Storage.
[[0;32m  OK  [0m] Started Create Static Device Nodes in /dev.
         Starting udev Kernel Device Manager...
[[0;32m  OK  [0m] Started udev Coldplug all Devices.
[[0;32m  OK  [0m] Started udev Kernel Device Manager.
[[0;32m  OK  [0m] Started Dispatch Password Requests to Console Directory Watch.
[[0;32m  OK  [0m] Started Monitoring of LVM2 mirrors,...ng dmeventd or progress polling.
[[0;32m  OK  [0m] Reached target Local File Systems (Pre).
[[0;32m  OK  [0m] Reached target Local File Systems.
         Starting Commit a transient machine-id on disk...
         Starting Initial cloud-init job (pre-networking)...
         Starting Set console font and keymap...
         Starting LSB: AppArmor initialization...
         Starting Create Volatile Files and Directories...
         Starting Tell Plymouth To Write Out Runtime Data...
[[0;32m  OK  [0m] Found device /dev/ttyS0.
[[0;32m  OK  [0m] Started Tell Plymouth To Write Out Runtime Data.
[[0;32m  OK  [0m] Started Create Volatile Files and Directories.
         Starting Update UTMP about System Boot/Shutdown...
[[0;32m  OK  [0m] Started Commit a transient machine-id on disk.
[[0;32m  OK  [0m] Started Update UTMP about System Boot/Shutdown.
[[0;32m  OK  [0m] Listening on Load/Save RF Kill Switch Status /dev/rfkill Watch.
[[0;32m  OK  [0m] Started LSB: AppArmor initialization.
[   10.998042] cloud-init[529]: Cloud-init v. 19.4-33-gbb4131a2-0ubuntu1~16.04.1 running 'init-local' at Sun, 07 Jun 2020 06:39:09 +0000. Up 10.51 seconds.
[[0;32m  OK  [0m] Started Initial cloud-init job (pre-networking).
[[0;32m  OK  [0m] Reached target Network (Pre).
         Starting Raise network interfaces...
[[0;32m  OK  [0m] Started Set console font and keymap.
[[0;32m  OK  [0m] Created slice system-getty.slice.
[[0;32m  OK  [0m] Started Raise network interfaces.
         Starting Initial cloud-init job (metadata service crawler)...
[[0;32m  OK  [0m] Reached target Network.
[   12.437791] cloud-init[964]: Cloud-init v. 19.4-33-gbb4131a2-0ubuntu1~16.04.1 running 'init' at Sun, 07 Jun 2020 06:39:11 +0000. Up 11.85 seconds.
[   12.444793] cloud-init[964]: ci-info: ++++++++++++++++++++++++++++++++++++++Net device info+++++++++++++++++++++++++++++++++++++++
[   12.447334] cloud-init[964]: ci-info: +--------+-------+----------------------------+---------------+--------+-------------------+
[   12.449283] cloud-init[964]: ci-info: | Device |   Up  |          Address           |      Mask     | Scope  |     Hw-Address    |
[   12.451177] cloud-init[964]: ci-info: +--------+-------+----------------------------+---------------+--------+-------------------+
[   12.454432] cloud-init[964]: ci-info: | enp0s3 |  True |         10.0.2.15          | 255.255.255.0 | global | 02:7c:66:aa:a6:59 |
[   12.457475] cloud-init[964]: ci-info: | enp0s3 |  True | fe80::7c:66ff:feaa:a659/64 |       .       |  link  | 02:7c:66:aa:a6:59 |
[   12.460128] cloud-init[964]: ci-info: | enp0s8 | False |             .              |       .       |   .    | 08:00:27:21:51:a4 |
[   12.463408] cloud-init[964]: ci-info: |   lo   |  True |         127.0.0.1          |   255.0.0.0   |  host  |         .         |
[   12.466482] cloud-init[964]: ci-info: |   lo   |  True |          ::1/128           |       .       |  host  |         .         |
[   12.469370] cloud-init[964]: ci-info: +--------+-------+----------------------------+---------------+--------+-------------------+
[   12.471822] cloud-init[964]: ci-info: +++++++++++++++++++++++++++Route IPv4 info++++++++++++++++++++++++++++
[   12.473676] cloud-init[964]: ci-info: +-------+-------------+----------+---------------+-----------+-------+
[   12.476271] cloud-init[964]: ci-info: | Route | Destination | Gateway  |    Genmask    | Interface | Flags |
[   12.478936] cloud-init[964]: ci-info: +-------+-------------+----------+---------------+-----------+-------+
[   12.481021] cloud-init[964]: ci-info: |   0   |   0.0.0.0   | 10.0.2.2 |    0.0.0.0    |   enp0s3  |   UG  |
[   12.482792] cloud-init[964]: ci-info: |   1   |   10.0.2.0  | 0.0.0.0  | 255.255.255.0 |   enp0s3  |   U   |
[   12.484171] cloud-init[964]: ci-info: +-------+-------------+----------+---------------+-----------+-------+
[   12.486426] cloud-init[964]: ci-info: +++++++++++++++++++Route IPv6 info+++++++++++++++++++
[   12.487458] cloud-init[964]: ci-info: +-------+-------------+---------+-----------+-------+
[   12.496885] cloud-init[964]: ci-info: | Route | Destination | Gateway | Interface | Flags |
[   12.504891] cloud-init[964]: ci-info: +-------+-------------+---------+-----------+-------+
[   12.506305] cloud-init[964]: ci-info: |   0   |  fe80::/64  |    ::   |   enp0s3  |   U   |
[   12.508290] cloud-init[964]: ci-info: |   3   |   ff00::/8  |    ::   |   enp0s3  |   U   |
[   12.516904] cloud-init[964]: ci-info: +-------+-------------+---------+-----------+-------+
[   12.518706] cloud-init[964]: Generating public/private rsa key pair.
[   12.520345] cloud-init[964]: Your identification has been saved in /etc/ssh/ssh_host_rsa_key.
[   12.522767] cloud-init[964]: Your public key has been saved in /etc/ssh/ssh_host_rsa_key.pub.
[   12.524840] cloud-init[964]: The key fingerprint is:
[   12.525972] cloud-init[964]: SHA256:yXfFrjzij6jf88e3DpiIpqdPYcb/vNMsrpIafmu87GI root@ubuntu-xenial
[   12.533083] cloud-init[964]: The key's randomart image is:
[   12.533318] cloud-init[964]: +---[RSA 2048]----+
[   12.534384] cloud-init[964]: |                 |
[   12.535463] cloud-init[964]: |             .   |
[   12.537221] cloud-init[964]: |              o  |
[   12.538267] cloud-init[964]: |      .. .   o   |
[   12.539319] cloud-init[964]: |       =S . . .  |
[   12.541120] cloud-init[964]: |      o +..oo.   |
[   12.541756] cloud-init[964]: |     ..+.o.o*o   |
[[0;32m  OK  [0m] Started Initial cloud-init job (metadata service crawler).
[   12.544797] cloud-init[964]: |    .E*B ++= ++ .|
[   12.545059] cloud-init[964]: |    .=@O*.*O*..+.|
[   12.545785] cloud-init[964]: +----[SHA256]-----+
[   12.546501] cloud-init[964]: Generating public/private dsa key pair.
[   12.547209] cloud-init[964]: Your identification has been saved in /etc/ssh/ssh_host_dsa_key.
[   12.548354] cloud-init[964]: Your public key has been saved in /etc/ssh/ssh_host_dsa_key.pub.
[   12.549315] cloud-init[964]: The key fingerprint is:
[   12.550016] cloud-init[964]: SHA256:9CPE+LnO2rQgxESTwJdIVFZviKR042Qik4CUg47LJhI root@ubuntu-xenial
[   12.550725] cloud-init[964]: The key's randomart image is:
[   12.551435] cloud-init[964]: +---[DSA 1024]----+
[[0;32m  OK  [0m] Reached target Network is Online.
[   12.552410] cloud-init[964]: |O*B+@+.          |
[   12.557992] cloud-init[964]: |+*o@++ =         |
[   12.559810] cloud-init[964]: |o o.+ o *        |
[   12.561331] cloud-init[964]: |E. o   = o       |
[   12.563054] cloud-init[964]: |.o  o   S o      |
[   12.564753] cloud-init[964]: |+o .     o .     |
[   12.565910] cloud-init[964]: |+   . . o        |
[   12.573159] cloud-init[964]: |     . * .       |
[   12.575072] cloud-init[964]: |      ..=        |
[   12.580393] cloud-init[964]: +----[SHA256]-----+
[   12.580605] cloud-init[964]: Generating public/private ecdsa key pair.
[   12.581389] cloud-init[964]: Your identification has been saved in /etc/ssh/ssh_host_ecdsa_key.
[   12.582362] cloud-init[964]: Your public key has been saved in /etc/ssh/ssh_host_ecdsa_key.pub.
[   12.583638] cloud-init[964]: The key fingerprint is:
[   12.585170] cloud-init[964]: SHA256:/vosqkr8FupcTGP19momqJJgdsw1r8umjMWnbkNzS3g root@ubuntu-xenial
[   12.585874] cloud-init[964]: The key's randomart image is:
[   12.586590] cloud-init[964]: +---[ECDSA 256]---+
[   12.587306] cloud-init[964]: |                 |
[   12.588075] cloud-init[964]: |                 |
[   12.589078] cloud-init[964]: |      .          |
[   12.590139] cloud-init[964]: |     + .         |
[   12.591338] cloud-init[964]: |  o * o S        |
[   12.593119] cloud-init[964]: |.+.@.E + .       |
[   12.593770] cloud-init[964]: |+.=+B+o . .      |
[   12.593817] cloud-init[964]: |oo==*+. ++       |
[   12.593858] cloud-init[964]: | +BO*+o=o++      |
[   12.593903] cloud-init[964]: +----[SHA256]-----+
[   12.593944] cloud-init[964]: Generating public/private ed25519 key pair.
[   12.593982] cloud-init[964]: Your identification has been saved in /etc/ssh/ssh_host_ed25519_key.
[   12.594189] cloud-init[964]: Your public key has been saved in /etc/ssh/ssh_host_ed25519_key.pub.
[   12.594231] cloud-init[964]: The key fingerprint is:
[   12.594270] cloud-init[964]: SHA256:AtINd16wbbkfnU4/qd1JAiKmd7ZaF2V39V1RW2CORJc root@ubuntu-xenial
[   12.594309] cloud-init[964]: The key's randomart image is:
[   12.594350] cloud-init[964]: +--[ED25519 256]--+
[   12.594389] cloud-init[964]: |    . . o...o ++B|
         Starting iSCSI initiator daemon (iscsid)...
[[   12.594555] cloud-init[964]: |   . + o + o =E B|
[   12.612478] cloud-init[964]: |  . o . o + .o.o+|
[   12.613151] cloud-init[964]: |   . .   . .o....|
[   12.614145] cloud-init[964]: |      .oS..o. +  |
[   12.615049] cloud-init[964]: |      o.. ..o+ ..|
[   12.615771] cloud-init[964]: |     . . + ....+.|
[   12.616624] cloud-init[964]: |      . + o   = +|
[   12.617336] cloud-init[964]: |       ...   . o.|
[   12.618058] cloud-init[964]: +----[SHA256]-----+
[0;32m  OK  [0m] Reached target System Initialization.
[[0;32m  OK  [0m] Started Daily Cleanup of Temporary Directories.
[[0;32m  OK  [0m] Started ACPI Events Check.
[[0;32m  OK  [0m] Reached target Paths.
         Starting Socket activation for snappy daemon.
[[0;32m  OK  [0m] Listening on UUID daemon activation socket.
[[0;32m  OK  [0m] Started Daily apt download activities.
[[0;32m  OK  [0m] Started Daily apt upgrade and clean activities.
         Starting LXD - unix socket.
[[0;32m  OK  [0m] Listening on D-Bus System Message Bus Socket.
[[0;32m  OK  [0m] Started Message of the Day.
[[0;32m  OK  [0m] Reached target Timers.
[[0;32m  OK  [0m] Listening on ACPID Listen Socket.
[[0;32m  OK  [0m] Reached target Cloud-config availability.
[[0;32m  OK  [0m] Listening on Socket activation for snappy daemon.
[[0;32m  OK  [0m] Listening on LXD - unix socket.
[[0;32m  OK  [0m] Started iSCSI initiator daemon (iscsid).
         Starting Login to default iSCSI targets...
[[0;32m  OK  [0m] Reached target Sockets.
[[0;32m  OK  [0m] Reached target Basic System.
         Starting LSB: MD monitoring daemon...
         Starting LXD - container startup/shutdown...
[[0;32m  OK  [0m] Started Deferred execution scheduler.
[[0;32m  OK  [0m] Started Regular background program processing daemon.
[[0;32m  OK  [0m] Started ACPI event daemon.
         Starting LSB: Record successful boot for GRUB...
         Starting Pollinate to seed the pseudo random number generator...
         Starting Snappy daemon...
[[0;32m  OK  [0m] Started D-Bus System Message Bus.
[[0;32m  OK  [0m] Started FUSE filesystem for LXC.
         Starting Virtualbox guest utils...
         Starting /etc/rc.local Compatibility...
         Starting Login Service...
         Starting Accounts Service...
         Starting System Logging Service...
[[0;32m  OK  [0m] Started LXD - container startup/shutdown.
[[0;32m  OK  [0m] Started /etc/rc.local Compatibility.
[[0;32m  OK  [0m] Started Login to default iSCSI targets.
[[0;32m  OK  [0m] Reached target Remote File Systems (Pre).
[[0;32m  OK  [0m] Reached target Remote File Systems.
         Starting Permit User Sessions...
         Starting LSB: Set the CPU Frequency Scaling governor to "ondemand"...
         Starting LSB: automatic crash report generation...
         Starting LSB: daemon to balance interrupts for SMP systems...
[[0;32m  OK  [0m] Started Permit User Sessions.
         Starting Hold until boot process finishes up...
         Starting Terminate Plymouth Boot Screen...
[[0;32m  OK  [0m] Started LSB: MD monitoring daemon.
[[0;32m  OK  [0m] Started Hold until boot process finishes up.
[[0;32m  OK  [0m] Started Serial Getty on ttyS0.
[[0;32m  OK  [0m] Started Getty on tty1.
[[0;32m  OK  [0m] Reached target Login Prompts.
         Starting Set console scheme...
[[0;32m  OK  [0m] Started LSB: Record successful boot for GRUB.
[[0;32m  OK  [0m] Started Terminate Plymouth Boot Screen.
[[0;32m  OK  [0m] Started Set console scheme.
[[0;32m  OK  [0m] Started System Logging Service.
[[0;32m  OK  [0m] Started Login Service.
         Starting Authenticate and Authorize Users to Run Privileged Tasks...
[[0;32m  OK  [0m] Started Unattended Upgrades Shutdown.
[[0;32m  OK  [0m] Started LSB: Set the CPU Frequency Scaling governor to "ondemand".
[[0;32m  OK  [0m] Started LSB: daemon to balance interrupts for SMP systems.
[[0;32m  OK  [0m] Started Authenticate and Authorize Users to Run Privileged Tasks.
[[0;32m  OK  [0m] Started Accounts Service.
[[0;32m  OK  [0m] Started LSB: automatic crash report generation.
[[0;32m  OK  [0m] Started Virtualbox guest utils.
[[0;32m  OK  [0m] Started Snappy daemon.
         Starting Wait until snapd is fully seeded...
[[0;32m  OK  [0m] Started Pollinate to seed the pseudo random number generator.
         Starting OpenBSD Secure Shell server...
[[0;32m  OK  [0m] Started OpenBSD Secure Shell server.
[[0;32m  OK  [0m] Started Wait until snapd is fully seeded.
         Starting Apply the settings specified in cloud-config...
[[0;32m  OK  [0m] Reached target Multi-User System.
[[0;32m  OK  [0m] Reached target Graphical Interface.
         Starting Update UTMP about System Runlevel Changes...
[[0;32m  OK  [0m] Started Update UTMP about System Runlevel Changes.
[   13.882501] cloud-init[1321]: Generating locales (this might take a while)...
[   14.641516] cloud-init[1321]:   en_US.UTF-8... done
[   14.648440] cloud-init[1321]: Generation complete.
[   14.915458] cloud-init[1321]: Cloud-init v. 19.4-33-gbb4131a2-0ubuntu1~16.04.1 running 'modules:config' at Sun, 07 Jun 2020 06:39:13 +0000. Up 13.80 seconds.
[[0;32m  OK  [0m] Started Apply the settings specified in cloud-config.
         Starting Execute cloud user/final scripts...
ci-info: no authorized SSH keys fingerprints found for user ubuntu.
<14>Jun  7 06:39:14 ec2: 
<14>Jun  7 06:39:14 ec2: #############################################################
<14>Jun  7 06:39:14 ec2: -----BEGIN SSH HOST KEY FINGERPRINTS-----
<14>Jun  7 06:39:14 ec2: 1024 SHA256:9CPE+LnO2rQgxESTwJdIVFZviKR042Qik4CUg47LJhI root@ubuntu-xenial (DSA)
<14>Jun  7 06:39:14 ec2: 256 SHA256:/vosqkr8FupcTGP19momqJJgdsw1r8umjMWnbkNzS3g root@ubuntu-xenial (ECDSA)
<14>Jun  7 06:39:14 ec2: 256 SHA256:AtINd16wbbkfnU4/qd1JAiKmd7ZaF2V39V1RW2CORJc root@ubuntu-xenial (ED25519)
<14>Jun  7 06:39:14 ec2: 2048 SHA256:yXfFrjzij6jf88e3DpiIpqdPYcb/vNMsrpIafmu87GI root@ubuntu-xenial (RSA)
<14>Jun  7 06:39:14 ec2: -----END SSH HOST KEY FINGERPRINTS-----
<14>Jun  7 06:39:14 ec2: #############################################################
-----BEGIN SSH HOST KEY KEYS-----
ecdsa-sha2-nistp256 AAAAE2VjZHNhLXNoYTItbmlzdHAyNTYAAAAIbmlzdHAyNTYAAABBBORXOC9lUATc8DBh1IKSZs9N+DjIUzsMjdQ8itLfLbEySPfBAJ8UDfzoS5nYiIo7Dvwz0JRL9i7D89k/86L/b/M= root@ubuntu-xenial
ssh-ed25519 AAAAC3NzaC1lZDI1NTE5AAAAIIK+QWmkKgil4D4iJ7cVXtewf3ZMbZhsSGPGikoT6CSv root@ubuntu-xenial
ssh-rsa AAAAB3NzaC1yc2EAAAADAQABAAABAQCroCX4aHDbplpAo2fCYSaRTkqNrhLq4YipuKN2LRHOnRtM1HEo6cztJ2tbj0tQUbCHf9dx7C+FTjT/7bB29kF7vRC2VqQI8Fm0tbeTaHjJnKt+GwpKzf90Hl8+bitz40aY7gXaSid5S6T86/UmJvwMjXwoQgYLB04TCOtcvzI4lORqH6YJLxhoMLBWntZqZ4pRhDmJ9AxP11KuxgD+0a/MktUCW4VebiH0ppUop9eENB8KxU4iNW9b6xoeGCBG9VMqvrxcGSg1SARUg9wduQw9roxQaR1J8RrmHSHtW4vEBNjPS1r6GyZcF8MJb22tPCY6brtQBzBymlrwfH4NU0FZ root@ubuntu-xenial
-----END SSH HOST KEY KEYS-----
[   15.525424] cloud-init[1364]: Cloud-init v. 19.4-33-gbb4131a2-0ubuntu1~16.04.1 running 'modules:final' at Sun, 07 Jun 2020 06:39:14 +0000. Up 15.20 seconds.
[   15.529613] cloud-init[1364]: ci-info: no authorized SSH keys fingerprints found for user ubuntu.
[   15.533539] cloud-init[1364]: Cloud-init v. 19.4-33-gbb4131a2-0ubuntu1~16.04.1 finished at Sun, 07 Jun 2020 06:39:14 +0000. Datasource DataSourceNoCloud [seed=/dev/sdb][dsmode=net].  Up 15.51 seconds
[[0;32m  OK  [0m] Started Execute cloud user/final scripts.
[[0;32m  OK  [0m] Reached target Cloud-init target.

Ubuntu 16.04.6 LTS ubuntu-xenial ttyS0

ubuntu-xenial login: 