[    0.000000] Initializing cgroup subsys cpuset
[    0.000000] Initializing cgroup subsys cpu
[    0.000000] Initializing cgroup subsys cpuacct
[    0.000000] Linux version 4.4.0-179-generic (buildd@lcy01-amd64-014) (gcc version 5.4.0 20160609 (Ubuntu 5.4.0-6ubuntu1~16.04.12) ) #209-Ubuntu SMP Fri Apr 24 17:48:44 UTC 2020 (Ubuntu 4.4.0-179.209-generic 4.4.219)
[    0.000000] Command line: BOOT_IMAGE=/boot/vmlinuz-4.4.0-179-generic root=LABEL=cloudimg-rootfs ro console=tty1 console=ttyS0
[    0.000000] KERNEL supported cpus:
[    0.000000]   Intel GenuineIntel
[    0.000000]   AMD AuthenticAMD
[    0.000000]   Centaur CentaurHauls
[    0.000000] x86/fpu: xstate_offset[2]:  576, xstate_sizes[2]:  256
[    0.000000] x86/fpu: Supporting XSAVE feature 0x01: 'x87 floating point registers'
[    0.000000] x86/fpu: Supporting XSAVE feature 0x02: 'SSE registers'
[    0.000000] x86/fpu: Supporting XSAVE feature 0x04: 'AVX registers'
[    0.000000] x86/fpu: Enabled xstate features 0x7, context size is 832 bytes, using 'standard' format.
[    0.000000] e820: BIOS-provided physical RAM map:
[    0.000000] BIOS-e820: [mem 0x0000000000000000-0x000000000009fbff] usable
[    0.000000] BIOS-e820: [mem 0x000000000009fc00-0x000000000009ffff] reserved
[    0.000000] BIOS-e820: [mem 0x00000000000f0000-0x00000000000fffff] reserved
[    0.000000] BIOS-e820: [mem 0x0000000000100000-0x000000003ffeffff] usable
[    0.000000] BIOS-e820: [mem 0x000000003fff0000-0x000000003fffffff] ACPI data
[    0.000000] BIOS-e820: [mem 0x00000000fec00000-0x00000000fec00fff] reserved
[    0.000000] BIOS-e820: [mem 0x00000000fee00000-0x00000000fee00fff] reserved
[    0.000000] BIOS-e820: [mem 0x00000000fffc0000-0x00000000ffffffff] reserved
[    0.000000] NX (Execute Disable) protection: active
[    0.000000] SMBIOS 2.5 present.
[    0.000000] Hypervisor detected: KVM
[    0.000000] e820: last_pfn = 0x3fff0 max_arch_pfn = 0x400000000
[    0.000000] MTRR: Disabled
[    0.000000] x86/PAT: MTRRs disabled, skipping PAT initialization too.
[    0.000000] CPU MTRRs all blank - virtualized system.
[    0.000000] x86/PAT: Configuration [0-7]: WB  WT  UC- UC  WB  WT  UC- UC  
[    0.000000] found SMP MP-table at [mem 0x0009fff0-0x0009ffff] mapped at [ffff88000009fff0]
[    0.000000] Scanning 1 areas for low memory corruption
[    0.000000] RAMDISK: [mem 0x362e2000-0x37168fff]
[    0.000000] ACPI: Early table checksum verification disabled
[    0.000000] ACPI: RSDP 0x00000000000E0000 000024 (v02 VBOX  )
[    0.000000] ACPI: XSDT 0x000000003FFF0030 00003C (v01 VBOX   VBOXXSDT 00000001 ASL  00000061)
[    0.000000] ACPI: FACP 0x000000003FFF00F0 0000F4 (v04 VBOX   VBOXFACP 00000001 ASL  00000061)
[    0.000000] ACPI: DSDT 0x000000003FFF0470 002325 (v02 VBOX   VBOXBIOS 00000002 INTL 20100528)
[    0.000000] ACPI: FACS 0x000000003FFF0200 000040
[    0.000000] ACPI: FACS 0x000000003FFF0200 000040
[    0.000000] ACPI: APIC 0x000000003FFF0240 00005C (v02 VBOX   VBOXAPIC 00000001 ASL  00000061)
[    0.000000] ACPI: SSDT 0x000000003FFF02A0 0001CC (v01 VBOX   VBOXCPUT 00000002 INTL 20100528)
[    0.000000] No NUMA configuration found
[    0.000000] Faking a node at [mem 0x0000000000000000-0x000000003ffeffff]
[    0.000000] NODE_DATA(0) allocated [mem 0x3ffeb000-0x3ffeffff]
[    0.000000] kvm-clock: Using msrs 4b564d01 and 4b564d00
[    0.000000] kvm-clock: cpu 0, msr 0:3ffe3001, primary cpu clock
[    0.000000] kvm-clock: using sched offset of 6691878405 cycles
[    0.000000] clocksource: kvm-clock: mask: 0xffffffffffffffff max_cycles: 0x1cd42e4dffb, max_idle_ns: 881590591483 ns
[    0.000000] Zone ranges:
[    0.000000]   DMA      [mem 0x0000000000001000-0x0000000000ffffff]
[    0.000000]   DMA32    [mem 0x0000000001000000-0x000000003ffeffff]
[    0.000000]   Normal   empty
[    0.000000]   Device   empty
[    0.000000] Movable zone start for each node
[    0.000000] Early memory node ranges
[    0.000000]   node   0: [mem 0x0000000000001000-0x000000000009efff]
[    0.000000]   node   0: [mem 0x0000000000100000-0x000000003ffeffff]
[    0.000000] Initmem setup node 0 [mem 0x0000000000001000-0x000000003ffeffff]
[    0.000000] ACPI: PM-Timer IO Port: 0x4008
[    0.000000] IOAPIC[0]: apic_id 2, version 32, address 0xfec00000, GSI 0-23
[    0.000000] ACPI: INT_SRC_OVR (bus 0 bus_irq 0 global_irq 2 dfl dfl)
[    0.000000] ACPI: INT_SRC_OVR (bus 0 bus_irq 9 global_irq 9 low level)
[    0.000000] Using ACPI (MADT) for SMP configuration information
[    0.000000] smpboot: Allowing 2 CPUs, 0 hotplug CPUs
[    0.000000] PM: Registered nosave memory: [mem 0x00000000-0x00000fff]
[    0.000000] PM: Registered nosave memory: [mem 0x0009f000-0x0009ffff]
[    0.000000] PM: Registered nosave memory: [mem 0x000a0000-0x000effff]
[    0.000000] PM: Registered nosave memory: [mem 0x000f0000-0x000fffff]
[    0.000000] e820: [mem 0x40000000-0xfebfffff] available for PCI devices
[    0.000000] Booting paravirtualized kernel on KVM
[    0.000000] clocksource: refined-jiffies: mask: 0xffffffff max_cycles: 0xffffffff, max_idle_ns: 7645519600211568 ns
[    0.000000] setup_percpu: NR_CPUS:512 nr_cpumask_bits:512 nr_cpu_ids:2 nr_node_ids:1
[    0.000000] PERCPU: Embedded 33 pages/cpu @ffff88003fc00000 s95448 r8192 d31528 u1048576
[    0.000000] Built 1 zonelists in Node order, mobility grouping on.  Total pages: 257912
[    0.000000] Policy zone: DMA32
[    0.000000] Kernel command line: BOOT_IMAGE=/boot/vmlinuz-4.4.0-179-generic root=LABEL=cloudimg-rootfs ro console=tty1 console=ttyS0
[    0.000000] PID hash table entries: 4096 (order: 3, 32768 bytes)
[    0.000000] Memory: 997676K/1048120K available (8630K kernel code, 1336K rwdata, 4036K rodata, 1488K init, 1292K bss, 50444K reserved, 0K cma-reserved)
[    0.000000] SLUB: HWalign=64, Order=0-3, MinObjects=0, CPUs=2, Nodes=1
[    0.000000] Kernel/User page tables isolation: enabled
[    0.000000] Hierarchical RCU implementation.
[    0.000000] 	Build-time adjustment of leaf fanout to 64.
[    0.000000] 	RCU restricting CPUs from NR_CPUS=512 to nr_cpu_ids=2.
[    0.000000] RCU: Adjusting geometry for rcu_fanout_leaf=64, nr_cpu_ids=2
[    0.000000] NR_IRQS:33024 nr_irqs:440 16
[    0.000000] Console: colour VGA+ 80x25
[    0.000000] console [tty1] enabled
[    0.000000] console [ttyS0] enabled
[    0.000000] tsc: Detected 2495.998 MHz processor
[    0.192106] Calibrating delay loop (skipped) preset value.. 4991.99 BogoMIPS (lpj=9983992)
[    0.195020] pid_max: default: 32768 minimum: 301
[    0.196121] ACPI: Core revision 20150930
[    0.198031] ACPI: 2 ACPI AML tables successfully acquired and loaded
[    0.199643] Security Framework initialized
[    0.200922] Yama: becoming mindful.
[    0.202430] AppArmor: AppArmor initialized
[    0.204262] Dentry cache hash table entries: 131072 (order: 8, 1048576 bytes)
[    0.207939] Inode-cache hash table entries: 65536 (order: 7, 524288 bytes)
[    0.210100] Mount-cache hash table entries: 2048 (order: 2, 16384 bytes)
[    0.212189] Mountpoint-cache hash table entries: 2048 (order: 2, 16384 bytes)
[    0.215006] Initializing cgroup subsys io
[    0.216621] Initializing cgroup subsys memory
[    0.217988] Initializing cgroup subsys devices
[    0.219293] Initializing cgroup subsys freezer
[    0.220353] Initializing cgroup subsys net_cls
[    0.221455] Initializing cgroup subsys perf_event
[    0.222651] Initializing cgroup subsys net_prio
[    0.224202] Initializing cgroup subsys hugetlb
[    0.225341] Initializing cgroup subsys pids
[    0.227959] mce: CPU supports 0 MCE banks
[    0.228967] Last level iTLB entries: 4KB 64, 2MB 8, 4MB 8
[    0.230230] Last level dTLB entries: 4KB 64, 2MB 0, 4MB 0, 1GB 4
[    0.232955] Spectre V1 : Mitigation: usercopy/swapgs barriers and __user pointer sanitization
[    0.235391] Spectre V2 : Mitigation: Full generic retpoline
[    0.236843] Spectre V2 : Spectre v2 / SpectreRSB mitigation: Filling RSB on context switch
[    0.238859] Speculative Store Bypass: Vulnerable
[    0.240023] MDS: Mitigation: Clear CPU buffers
[    0.243443] Freeing SMP alternatives memory: 36K
[    0.250024] ftrace: allocating 32313 entries in 127 pages
[    0.302184] smpboot: APIC(0) Converting physical 0 to logical package 0
[    0.307514] smpboot: Max logical packages: 1
[    0.309080] x2apic enabled
[    0.310217] Switched APIC routing to physical x2apic.
[    0.315288] ..TIMER: vector=0x30 apic1=0 pin1=2 apic2=-1 pin2=-1
[    0.425876] smpboot: CPU0: Intel(R) Core(TM) i7-7660U CPU @ 2.50GHz (family: 0x6, model: 0x8e, stepping: 0x9)
[    0.429143] Performance Events: unsupported p6 CPU model 142 no PMU driver, software events only.
[    0.441543] KVM setup paravirtual spinlock
[    0.443793] x86: Booting SMP configuration:
[    0.445401] .... node  #0, CPUs:      #1
[    0.447156] kvm-clock: cpu 1, msr 0:3ffe3041, secondary cpu clock
[    0.450003] mce: CPU supports 0 MCE banks
[    0.452779] x86: Booted up 1 node, 2 CPUs
[    0.454520] smpboot: Total of 2 processors activated (9983.99 BogoMIPS)
[    0.456904] devtmpfs: initialized
[    0.459586] evm: security.selinux
[    0.460490] evm: security.SMACK64
[    0.461527] evm: security.SMACK64EXEC
[    0.462598] evm: security.SMACK64TRANSMUTE
[    0.463619] evm: security.SMACK64MMAP
[    0.464864] evm: security.ima
[    0.466019] evm: security.capability
[    0.467638] clocksource: jiffies: mask: 0xffffffff max_cycles: 0xffffffff, max_idle_ns: 7645041785100000 ns
[    0.470103] futex hash table entries: 512 (order: 3, 32768 bytes)
[    0.471781] pinctrl core: initialized pinctrl subsystem
[    0.473128] RTC time:  7:51:50, date: 06/07/20
[    0.474389] NET: Registered protocol family 16
[    0.486432] cpuidle: using governor ladder
[    0.499934] cpuidle: using governor menu
[    0.502185] PCCT header not found.
[    0.503746] ACPI: bus type PCI registered
[    0.505285] acpiphp: ACPI Hot Plug PCI Controller Driver version: 0.5
[    0.507668] PCI: Using configuration type 1 for base access
[    0.525265] ACPI: Added _OSI(Module Device)
[    0.527276] ACPI: Added _OSI(Processor Device)
[    0.528917] ACPI: Added _OSI(3.0 _SCP Extensions)
[    0.531419] ACPI: Added _OSI(Processor Aggregator Device)
[    0.535182] ACPI: Executed 1 blocks of module-level executable AML code
[    0.539174] ACPI: Interpreter enabled
[    0.540301] ACPI: (supports S0 S5)
[    0.541262] ACPI: Using IOAPIC for interrupt routing
[    0.542570] PCI: Using host bridge windows from ACPI; if necessary, use "pci=nocrs" and report a bug
[    0.548831] ACPI: PCI Root Bridge [PCI0] (domain 0000 [bus 00-ff])
[    0.550809] acpi PNP0A03:00: _OSC: OS supports [ASPM ClockPM Segments MSI]
[    0.552605] acpi PNP0A03:00: _OSC: not requesting OS control; OS requires [ExtendedConfig ASPM ClockPM MSI]
[    0.555530] acpi PNP0A03:00: fail to add MMCONFIG information, can't access extended PCI configuration space under this bridge.
[    0.559282] PCI host bridge to bus 0000:00
[    0.560303] pci_bus 0000:00: root bus resource [io  0x0000-0x0cf7 window]
[    0.561969] pci_bus 0000:00: root bus resource [io  0x0d00-0xffff window]
[    0.564017] pci_bus 0000:00: root bus resource [mem 0x000a0000-0x000bffff window]
[    0.566368] pci_bus 0000:00: root bus resource [mem 0x40000000-0xfdffffff window]
[    0.568512] pci_bus 0000:00: root bus resource [bus 00-ff]
[    0.572776] pci 0000:00:01.1: legacy IDE quirk: reg 0x10: [io  0x01f0-0x01f7]
[    0.574577] pci 0000:00:01.1: legacy IDE quirk: reg 0x14: [io  0x03f6]
[    0.576043] pci 0000:00:01.1: legacy IDE quirk: reg 0x18: [io  0x0170-0x0177]
[    0.578289] pci 0000:00:01.1: legacy IDE quirk: reg 0x1c: [io  0x0376]
[    0.604377] pci 0000:00:07.0: quirk: [io  0x4000-0x403f] claimed by PIIX4 ACPI
[    0.606931] pci 0000:00:07.0: quirk: [io  0x4100-0x410f] claimed by PIIX4 SMB
[    0.618122] ACPI: PCI Interrupt Link [LNKA] (IRQs 5 9 10 *11)
[    0.620367] ACPI: PCI Interrupt Link [LNKB] (IRQs 5 9 *10 11)
[    0.622120] ACPI: PCI Interrupt Link [LNKC] (IRQs 5 *9 10 11)
[    0.623828] ACPI: PCI Interrupt Link [LNKD] (IRQs 5 9 10 *11)
[    0.625594] ACPI: Enabled 2 GPEs in block 00 to 07
[    0.627309] vgaarb: setting as boot device: PCI:0000:00:02.0
[    0.628963] vgaarb: device added: PCI:0000:00:02.0,decodes=io+mem,owns=io+mem,locks=none
[    0.630959] vgaarb: loaded
[    0.631680] vgaarb: bridge control possible 0000:00:02.0
[    0.633372] SCSI subsystem initialized
[    0.634580] ACPI: bus type USB registered
[    0.635588] usbcore: registered new interface driver usbfs
[    0.636997] usbcore: registered new interface driver hub
[    0.638272] usbcore: registered new device driver usb
[    0.639668] PCI: Using ACPI for IRQ routing
[    0.642702] NetLabel: Initializing
[    0.643585] NetLabel:  domain hash size = 128
[    0.644636] NetLabel:  protocols = UNLABELED CIPSOv4
[    0.645893] NetLabel:  unlabeled traffic allowed by default
[    0.647368] amd_nb: Cannot enumerate AMD northbridges
[    0.649029] clocksource: Switched to clocksource kvm-clock
[    0.657629] AppArmor: AppArmor Filesystem Enabled
[    0.659008] pnp: PnP ACPI init
[    0.661155] pnp: PnP ACPI: found 3 devices
[    0.674583] clocksource: acpi_pm: mask: 0xffffff max_cycles: 0xffffff, max_idle_ns: 2085701024 ns
[    0.677780] NET: Registered protocol family 2
[    0.679239] TCP established hash table entries: 8192 (order: 4, 65536 bytes)
[    0.680865] TCP bind hash table entries: 8192 (order: 5, 131072 bytes)
[    0.682425] TCP: Hash tables configured (established 8192 bind 8192)
[    0.683899] UDP hash table entries: 512 (order: 2, 16384 bytes)
[    0.685267] UDP-Lite hash table entries: 512 (order: 2, 16384 bytes)
[    0.686898] NET: Registered protocol family 1
[    0.687962] pci 0000:00:00.0: Limiting direct PCI/PCI transfers
[    0.689373] pci 0000:00:01.0: Activating ISA DMA hang workarounds
[    0.690958] Unpacking initramfs...
[    0.889633] Freeing initrd memory: 14876K
[    0.890922] clocksource: tsc: mask: 0xffffffffffffffff max_cycles: 0x23fa754787d, max_idle_ns: 440795210092 ns
[    0.893871] platform rtc_cmos: registered platform RTC device (no PNP device found)
[    0.896341] Scanning for low memory corruption every 60 seconds
[    0.899086] audit: initializing netlink subsys (disabled)
[    0.900679] audit: type=2000 audit(1591516318.859:1): initialized
[    0.902632] Initialise system trusted keyring
[    0.904156] HugeTLB registered 2 MB page size, pre-allocated 0 pages
[    0.907081] zbud: loaded
[    0.908176] VFS: Disk quotas dquot_6.6.0
[    0.909392] VFS: Dquot-cache hash table entries: 512 (order 0, 4096 bytes)
[    0.911467] squashfs: version 4.0 (2009/01/31) Phillip Lougher
[    0.914079] fuse init (API version 7.23)
[    0.915298] Key type big_key registered
[    0.916408] Allocating IMA MOK and blacklist keyrings.
[    0.918831] Key type asymmetric registered
[    0.919847] Asymmetric key parser 'x509' registered
[    0.921101] Block layer SCSI generic (bsg) driver version 0.4 loaded (major 249)
[    0.923012] io scheduler noop registered
[    0.924007] io scheduler deadline registered (default)
[    0.925230] io scheduler cfq registered
[    0.926467] pci_hotplug: PCI Hot Plug PCI Core version: 0.5
[    0.928214] pciehp: PCI Express Hot Plug Controller Driver version: 0.4
[    0.930113] ACPI: AC Adapter [AC] (off-line)
[    0.931767] input: Power Button as /devices/LNXSYSTM:00/LNXPWRBN:00/input/input0
[    0.933760] ACPI: Power Button [PWRF]
[    0.934749] input: Sleep Button as /devices/LNXSYSTM:00/LNXSLPBN:00/input/input1
[    0.936700] ACPI: Sleep Button [SLPF]
[    0.938455] GHES: HEST is not enabled!
[    0.939688] ACPI: Battery Slot [BAT0] (battery present)
[    0.941312] Serial: 8250/16550 driver, 32 ports, IRQ sharing enabled
[    0.964052] 00:02: ttyS0 at I/O 0x3f8 (irq = 4, base_baud = 115200) is a 16550A
[    0.970411] Linux agpgart interface v0.103
[    0.973610] loop: module loaded
[    0.974913] scsi host0: ata_piix
[    0.975947] scsi host1: ata_piix
[    0.976895] ata1: PATA max UDMA/33 cmd 0x1f0 ctl 0x3f6 bmdma 0xd000 irq 14
[    0.978965] ata2: PATA max UDMA/33 cmd 0x170 ctl 0x376 bmdma 0xd008 irq 15
[    0.981574] libphy: Fixed MDIO Bus: probed
[    0.982911] tun: Universal TUN/TAP device driver, 1.6
[    0.984560] tun: (C) 1999-2004 Max Krasnyansky <maxk@qualcomm.com>
[    0.986171] PPP generic driver version 2.4.2
[    0.987695] ehci_hcd: USB 2.0 'Enhanced' Host Controller (EHCI) Driver
[    0.989197] ehci-pci: EHCI PCI platform driver
[    0.990317] ehci-platform: EHCI generic platform driver
[    0.991681] ohci_hcd: USB 1.1 'Open' Host Controller (OHCI) Driver
[    0.993119] ohci-pci: OHCI PCI platform driver
[    0.994236] ohci-platform: OHCI generic platform driver
[    0.995474] uhci_hcd: USB Universal Host Controller Interface driver
[    0.997024] i8042: PNP: PS/2 Controller [PNP0303:PS2K,PNP0f03:PS2M] at 0x60,0x64 irq 1,12
[    0.999434] serio: i8042 KBD port at 0x60,0x64 irq 1
[    1.000615] serio: i8042 AUX port at 0x60,0x64 irq 12
[    1.002157] mousedev: PS/2 mouse device common for all mice
[    1.004183] input: AT Translated Set 2 keyboard as /devices/platform/i8042/serio0/input/input2
[    1.006795] rtc_cmos rtc_cmos: rtc core: registered rtc_cmos as rtc0
[    1.008303] rtc_cmos rtc_cmos: alarms up to one day, 114 bytes nvram
[    1.009834] i2c /dev entries driver
[    1.010771] device-mapper: uevent: version 1.0.3
[    1.012494] device-mapper: ioctl: 4.34.0-ioctl (2015-10-28) initialised: dm-devel@redhat.com
[    1.014893] ledtrig-cpu: registered to indicate activity on CPUs
[    1.016997] NET: Registered protocol family 10
[    1.019370] NET: Registered protocol family 17
[    1.020597] Key type dns_resolver registered
[    1.022066] registered taskstats version 1
[    1.023083] Loading compiled-in X.509 certificates
[    1.024673] Loaded X.509 cert 'Build time autogenerated kernel key: a9e5689415cbbea5b40a198600f217117afda70c'
[    1.027349] zswap: loaded using pool lzo/zbud
[    1.030131] Key type trusted registered
[    1.034100] Key type encrypted registered
[    1.035516] AppArmor: AppArmor sha1 policy hashing enabled
[    1.037215] ima: No TPM chip found, activating TPM-bypass!
[    1.039302] ima: Allocated hash algorithm: sha1
[    1.040584] evm: HMAC attrs: 0x1
[    1.041930]   Magic number: 8:604:874
[    1.042997] rtc_cmos rtc_cmos: setting system clock to 2020-06-07 07:51:50 UTC (1591516310)
[    1.045176] BIOS EDD facility v0.16 2004-Jun-25, 0 devices found
[    1.046876] EDD information not available.
[    1.163133] Freeing unused kernel memory: 1488K
[    1.164535] Write protecting the kernel read-only data: 14336k
[    1.167712] Freeing unused kernel memory: 1600K
[    1.169771] Freeing unused kernel memory: 60K
Loading, please wait...
starting version 229
[    1.182692] random: systemd-udevd: uninitialized urandom read (16 bytes read, 3 bits of entropy available)
[    1.183357] random: udevadm: uninitialized urandom read (16 bytes read, 3 bits of entropy available)
[    1.183378] random: udevadm: uninitialized urandom read (16 bytes read, 3 bits of entropy available)
[    1.190016] random: udevadm: uninitialized urandom read (16 bytes read, 3 bits of entropy available)
[    1.190049] random: udevadm: uninitialized urandom read (16 bytes read, 3 bits of entropy available)
[    1.190146] random: udevadm: uninitialized urandom read (16 bytes read, 3 bits of entropy available)
[    1.190181] random: udevadm: uninitialized urandom read (16 bytes read, 3 bits of entropy available)
[    1.190214] random: udevadm: uninitialized urandom read (16 bytes read, 3 bits of entropy available)
[    1.190250] random: udevadm: uninitialized urandom read (16 bytes read, 3 bits of entropy available)
[    1.190282] random: udevadm: uninitialized urandom read (16 bytes read, 3 bits of entropy available)
[    1.234300] Fusion MPT base driver 3.04.20
[    1.235652] Copyright (c) 1999-2008 LSI Corporation
[    1.248105] e1000: Intel(R) PRO/1000 Network Driver - version 7.3.21-k8-NAPI
[    1.250350] e1000: Copyright (c) 1999-2006 Intel Corporation.
[    1.256489] Fusion MPT SPI Host driver 3.04.20
[    1.260528] AVX2 version of gcm_enc/dec engaged.
[    1.262127] AES CTR mode by8 optimization enabled
[    1.461988] input: ImExPS/2 Generic Explorer Mouse as /devices/platform/i8042/serio1/input/input4
[    1.717350] e1000 0000:00:03.0 eth0: (PCI:33MHz:32-bit) 02:7c:66:aa:a6:59
[    1.719468] e1000 0000:00:03.0 eth0: Intel(R) PRO/1000 Network Connection
[    2.134308] e1000 0000:00:08.0 eth1: (PCI:33MHz:32-bit) 08:00:27:0b:5c:89
[    2.136472] e1000 0000:00:08.0 eth1: Intel(R) PRO/1000 Network Connection
[    2.139380] mptbase: ioc0: Initiating bringup
[    2.141255] e1000 0000:00:08.0 enp0s8: renamed from eth1
[    2.157933] e1000 0000:00:03.0 enp0s3: renamed from eth0
[    2.585487] ioc0: LSI53C1030 A0: Capabilities={Initiator}
[    4.420089] scsi host2: ioc0: LSI53C1030 A0, FwRev=00000000h, Ports=1, MaxQ=256, IRQ=20
[    7.306091] scsi 2:0:0:0: Direct-Access     VBOX     HARDDISK         1.0  PQ: 0 ANSI: 5
[    7.308348] scsi target2:0:0: Beginning Domain Validation
[    7.312950] scsi target2:0:0: Domain Validation skipping write tests
[    7.314474] scsi target2:0:0: Ending Domain Validation
[    7.315752] scsi target2:0:0: asynchronous
[    7.317353] scsi 2:0:1:0: Direct-Access     VBOX     HARDDISK         1.0  PQ: 0 ANSI: 5
[    7.319326] scsi target2:0:1: Beginning Domain Validation
[    7.331507] scsi target2:0:1: Domain Validation skipping write tests
[    7.333098] scsi target2:0:1: Ending Domain Validation
[    7.334592] scsi target2:0:1: asynchronous
[    7.341743] sd 2:0:0:0: [sda] 20971520 512-byte logical blocks: (10.7 GB/10.0 GiB)
[    7.341887] sd 2:0:0:0: Attached scsi generic sg0 type 0
[    7.342008] sd 2:0:1:0: Attached scsi generic sg1 type 0
[    7.342407] sd 2:0:1:0: [sdb] 20480 512-byte logical blocks: (10.5 MB/10.0 MiB)
[    7.342658] sd 2:0:1:0: [sdb] Write Protect is off
[    7.342821] sd 2:0:1:0: [sdb] Incomplete mode parameter data
[    7.342822] sd 2:0:1:0: [sdb] Assuming drive cache: write through
[    7.345605] sd 2:0:1:0: [sdb] Attached SCSI disk
[    7.355527] sd 2:0:0:0: [sda] Write Protect is off
[    7.357483] sd 2:0:0:0: [sda] Incomplete mode parameter data
[    7.359504] sd 2:0:0:0: [sda] Assuming drive cache: write through
[    7.364570]  sda: sda1
[    7.366820] sd 2:0:0:0: [sda] Attached SCSI disk
Begin: Loading essential drivers ... [    8.650311] md: linear personality registered for level -1
[    8.654278] md: multipath personality registered for level -4
[    8.658924] md: raid0 personality registered for level 0
[    8.663639] md: raid1 personality registered for level 1
[    8.737353] raid6: sse2x1   gen() 12909 MB/s
[    8.805159] raid6: sse2x1   xor()  9698 MB/s
[    8.873033] raid6: sse2x2   gen() 14409 MB/s
[    8.941285] raid6: sse2x2   xor() 10368 MB/s
[    9.009382] raid6: sse2x4   gen() 17764 MB/s
[    9.077132] raid6: sse2x4   xor()  8665 MB/s
[    9.145627] raid6: avx2x1   gen()  9206 MB/s
[    9.213132] raid6: avx2x2   gen() 17201 MB/s
[    9.281302] raid6: avx2x4   gen() 15906 MB/s
[    9.282450] raid6: using algorithm sse2x4 gen() 17764 MB/s
[    9.284169] raid6: .... xor() 8665 MB/s, rmw enabled
[    9.285704] raid6: using avx2x2 recovery algorithm
[    9.288445] xor: automatically using best checksumming function:
[    9.329086]    avx       : 27475.000 MB/sec
[    9.332912] async_tx: api initialized (async)
[    9.351686] md: raid6 personality registered for level 6
[    9.354797] md: raid5 personality registered for level 5
[    9.357816] md: raid4 personality registered for level 4
[    9.373545] md: raid10 personality registered for level 10
done.
Begin: Running /scripts/init-premount ... done.
Begin: Mounting root file system ... Begin: Running /scripts/local-top ... done.
Begin: Running /scripts/local-premount ... [    9.430908] Btrfs loaded
Scanning for Btrfs filesystems
done.
Warning: fsck not present, so skipping root file system
[    9.500558] EXT4-fs (sda1): mounted filesystem with ordered data mode. Opts: (null)
done.
Begin: Running /scripts/local-bottom ... done.
Begin: Running /scripts/init-bottom ... done.
[    9.990252] systemd[1]: systemd 229 running in system mode. (+PAM +AUDIT +SELINUX +IMA +APPARMOR +SMACK +SYSVINIT +UTMP +LIBCRYPTSETUP +GCRYPT +GNUTLS +ACL +XZ -LZ4 +SECCOMP +BLKID +ELFUTILS +KMOD -IDN)
[    9.995170] systemd[1]: Detected virtualization oracle.
[    9.996671] systemd[1]: Detected architecture x86-64.

Welcome to [1mUbuntu 16.04.6 LTS[0m!

[   10.017379] systemd[1]: Set hostname to <host01>.
[   10.346685] random: nonblocking pool is initialized
[   10.552076] systemd[1]: Listening on /dev/initctl Compatibility Named Pipe.
[[0;32m  OK  [0m] Listening on /dev/initctl Compatibility Named Pipe.
[   10.565371] systemd[1]: Reached target Swap.
[[0;32m  OK  [0m] Reached target Swap.
[   10.567908] systemd[1]: Listening on Device-mapper event daemon FIFOs.
[[0;32m  OK  [0m] Listening on Device-mapper event daemon FIFOs.
[   10.571352] systemd[1]: Created slice System Slice.
[[0;32m  OK  [0m] Created slice System Slice.
[   10.576809] systemd[1]: Listening on LVM2 poll daemon socket.
[[0;32m  OK  [0m] Listening on LVM2 poll daemon socket.
[   10.579923] systemd[1]: Set up automount Arbitrary Executable File Formats File System Automount Point.
[[0;32m  OK  [0m] Set up automount Arbitrary Executab...ats File System Automount Point.
[   10.584960] systemd[1]: Created slice system-serial\x2dgetty.slice.
[[0;32m  OK  [0m] Created slice system-serial\x2dgetty.slice.
[   10.588578] systemd[1]: Listening on Syslog Socket.
[[0;32m  OK  [0m] Listening on Syslog Socket.
[   10.591659] systemd[1]: Listening on Journal Socket (/dev/log).
[[0;32m  OK  [0m] Listening on Journal Socket (/dev/log).
[   10.595236] systemd[1]: Listening on Journal Socket.
[[0;32m  OK  [0m] Listening on Journal Socket.
[   10.609715] systemd[1]: Starting Set console keymap...
         Starting Set console keymap...
[   10.616810] systemd[1]: Starting Nameserver information manager...
         Starting Nameserver information manager...
[   10.622759] systemd[1]: Starting Uncomplicated firewall...
         Starting Uncomplicated firewall...
[   10.630057] systemd[1]: Starting Create list of required static device nodes for the current kernel...
         Starting Create list of required st... nodes for the current kernel...
[   10.636266] systemd[1]: Mounting POSIX Message Queue File System...
         Mounting POSIX Message Queue File System...
[   10.642811] systemd[1]: Mounting Huge Pages File System...
         Mounting Huge Pages File System...
[   10.653418] systemd[1]: Listening on LVM2 metadata daemon socket.
[[0;32m  OK  [0m] Listening on LVM2 metadata daemon socket.
[   10.658494] systemd[1]: Starting Monitoring of LVM2 mirrors, snapshots etc. using dmeventd or progress polling...
         Starting Monitoring of LVM2 mirrors... dmeventd or progress polling...
[   10.664375] systemd[1]: Reached target Encrypted Volumes.
[[0;32m  OK  [0m] Reached target Encrypted Volumes.
[   10.670910] systemd[1]: Starting Remount Root and Kernel File Systems...
         Starting Remount Root and Kernel File Systems...
[   10.677485] EXT4-fs (sda1): re-mounted. Opts: (null)
[   10.681692] systemd[1]: Starting Load Kernel Modules...
         Starting Load Kernel Modules...
[   10.685558] systemd[1]: Started Forward Password Requests to Wall Directory Watch.
[[0;32m  OK  [0m] Started Forward Password Requests to Wall Directory Watch.
[   10.692895] systemd[1]: Reached target System Time Synchronized.
[   10.698296] Loading iSCSI transport class v2.0-870.
[[0;32m  OK  [0m] Reached target System Time Synchronized.
[   10.701700] systemd[1]: Listening on udev Control Socket.
[[0;32m  OK  [0m] Listening on udev Control Socket.
[   10.705918] systemd[1]: Mounting Debug File System...
         Mounting Debug File System...
[   10.712731] systemd[1]: Started Trigger resolvconf update for networkd DNS.
[   10.715934] iscsi: registered transport (tcp)
[[0;32m  OK  [0m] Started Trigger resolvconf update for networkd DNS.
[   10.719227] systemd[1]: Listening on Journal Audit Socket.
[[0;32m  OK  [0m] Listening on Journal Audit Socket.
[   10.723898] systemd[1]: Starting Journal Service...
         Starting Journal Service...
[   10.728583] systemd[1]: Created slice User and Session Slice.
[[0;32m  OK  [0m] Created slice User and Session Slice.
[   10.732598] systemd[1]: Reached target Slices.
[[0;32m  OK  [0m] Reached target Slices.
[   10.736682] systemd[1]: Reached target User and Group Name Lookups.
[[0;32m  OK  [0m] Reached target User and Group Name Lookups.
[   10.740840] systemd[1]: Listening on udev Kernel Socket.
[[0;32m  OK  [0m] Listening on udev Kernel Socket.
[   10.748918] systemd[1]: Mounted Huge Pages File System.
[[0;32m  OK  [0m] Mounted Huge Pages File System.
[   10.751757] systemd[1]: Mounted Debug File System.
[[0;32m  OK  [0m] Mounted Debug File System.
[   10.754437] systemd[1]: Mounted POSIX Message Queue File System.
[[0;32m  OK  [0m] Mounted POSIX Message Queue File System.
[   10.758228] systemd[1]: Started Journal Service.
[[0;32m  OK  [0m] Started Journal Service.
[[0;32m  OK  [0m] Started Set console keymap.
[   10.769378] iscsi: registered transport (iser)
[[0;32m  OK  [0m] Started Uncomplicated firewall.
[[0;32m  OK  [0m] Started Create list of required sta...ce nodes for the current kernel.
[[0;32m  OK  [0m] Started Remount Root and Kernel File Systems.
[[0;32m  OK  [0m] Started Load Kernel Modules.
[[0;32m  OK  [0m] Started Nameserver information manager.
[[0;32m  OK  [0m] Started LVM2 metadata daemon.
         Mounting FUSE Control File System...
         Starting Apply Kernel Variables...
         Starting Load/Save Random Seed...
         Starting udev Coldplug all Devices...
         Starting Create Static Device Nodes in /dev...
         Starting Flush Journal to Persistent Storage...
[[0;32m  OK  [0m] Mounted FUSE Control File System.
[[0;32m  OK  [0m] Started Load/Save Random Seed.
[[0;32m  OK  [0m] Started Apply Kernel Variables.
[[0;32m  OK  [0m] Started Flush Journal to Persistent Storage.
[[0;32m  OK  [0m] Started Create Static Device Nodes in /dev.
         Starting udev Kernel Device Manager...
[[0;32m  OK  [0m] Started udev Coldplug all Devices.
[[0;32m  OK  [0m] Started udev Kernel Device Manager.
[[0;32m  OK  [0m] Started Dispatch Password Requests to Console Directory Watch.
[[0;32m  OK  [0m] Found device /dev/ttyS0.
[[0;32m  OK  [0m] Listening on Load/Save RF Kill Switch Status /dev/rfkill Watch.
[[0;32m  OK  [0m] Found device 82540EM Gigabit Ethern...r (PRO/1000 MT Desktop Adapter).
[[0;32m  OK  [0m] Started Monitoring of LVM2 mirrors,...ng dmeventd or progress polling.
[[0;32m  OK  [0m] Found device 82540EM Gigabit Ethern...r (PRO/1000 MT Desktop Adapter).
[[0;32m  OK  [0m] Reached target Local File Systems (Pre).
[[0;32m  OK  [0m] Reached target Local File Systems.
         Starting Set console font and keymap...
         Starting Tell Plymouth To Write Out Runtime Data...
         Starting Create Volatile Files and Directories...
         Starting LSB: AppArmor initialization...
         Starting Initial cloud-init job (pre-networking)...
[[0;32m  OK  [0m] Started Tell Plymouth To Write Out Runtime Data.
[[0;32m  OK  [0m] Started Create Volatile Files and Directories.
         Starting Update UTMP about System Boot/Shutdown...
[[0;32m  OK  [0m] Started Update UTMP about System Boot/Shutdown.
[[0;32m  OK  [0m] Started Set console font and keymap.
[[0;32m  OK  [0m] Created slice system-getty.slice.
[[0;32m  OK  [0m] Started LSB: AppArmor initialization.
[   12.853132] cloud-init[676]: Cloud-init v. 19.4-33-gbb4131a2-0ubuntu1~16.04.1 running 'init-local' at Sun, 07 Jun 2020 07:52:02 +0000. Up 12.52 seconds.
[[0;32m  OK  [0m] Started Initial cloud-init job (pre-networking).
[[0;32m  OK  [0m] Reached target Network (Pre).
[[0;32m  OK  [0m] Started ifup for enp0s3.
         Starting Raise network interfaces...
[[0;32m  OK  [0m] Started ifup for enp0s8.
[[0;32m  OK  [0m] Started Raise network interfaces.
[[0;32m  OK  [0m] Reached target Network.
         Starting Initial cloud-init job (metadata service crawler)...
[   13.553789] cloud-init[1079]: Cloud-init v. 19.4-33-gbb4131a2-0ubuntu1~16.04.1 running 'init' at Sun, 07 Jun 2020 07:52:02 +0000. Up 13.31 seconds.
[   13.557649] cloud-init[1079]: ci-info: ++++++++++++++++++++++++++++++++++++++Net device info+++++++++++++++++++++++++++++++++++++++
[   13.561213] cloud-init[1079]: ci-info: +--------+------+-----------------------------+---------------+--------+-------------------+
[   13.565130] cloud-init[1079]: ci-info: | Device |  Up  |           Address           |      Mask     | Scope  |     Hw-Address    |
[   13.568354] cloud-init[1079]: ci-info: +--------+------+-----------------------------+---------------+--------+-------------------+
[   13.572067] cloud-init[1079]: ci-info: | enp0s3 | True |          10.0.2.15          | 255.255.255.0 | global | 02:7c:66:aa:a6:59 |
[   13.575341] cloud-init[1079]: ci-info: | enp0s3 | True |  fe80::7c:66ff:feaa:a659/64 |       .       |  link  | 02:7c:66:aa:a6:59 |
[   13.578293] cloud-init[1079]: ci-info: | enp0s8 | True |        192.168.100.10       | 255.255.255.0 | global | 08:00:27:0b:5c:89 |
[   13.581980] cloud-init[1079]: ci-info: | enp0s8 | True | fe80::a00:27ff:fe0b:5c89/64 |       .       |  link  | 08:00:27:0b:5c:89 |
[   13.586158] cloud-init[1079]: ci-info: |   lo   | True |          127.0.0.1          |   255.0.0.0   |  host  |         .         |
[   13.588954] cloud-init[1079]: ci-info: |   lo   | True |           ::1/128           |       .       |  host  |         .         |
[   13.600562] cloud-init[1079]: ci-info: +--------+------+-----------------------------+---------------+--------+-------------------+
[   13.604328] cloud-init[1079]: ci-info: ++++++++++++++++++++++++++++Route IPv4 info+++++++++++++++++++++++++++++
[   13.607452] cloud-init[1079]: ci-info: +-------+---------------+----------+---------------+-----------+-------+
[   13.610649] cloud-init[1079]: ci-info: | Route |  Destination  | Gateway  |    Genmask    | Interface | Flags |
[   13.614308] cloud-init[1079]: ci-info: +-------+---------------+----------+---------------+-----------+-------+
[   13.617640] cloud-init[1079]: ci-info: |   0   |    0.0.0.0    | 10.0.2.2 |    0.0.0.0    |   enp0s3  |   UG  |
[   13.620848] cloud-init[1079]: ci-info: |   1   |    10.0.2.0   | 0.0.0.0  | 255.255.255.0 |   enp0s3  |   U   |
[   13.623883] cloud-init[1079]: ci-info: |   2   | 192.168.100.0 | 0.0.0.0  | 255.255.255.0 |   enp0s8  |   U   |
[   13.625757] cloud-init[1079]: ci-info: +-------+---------------+----------+---------------+-----------+-------+
[   13.627674] cloud-init[1079]: ci-info: +++++++++++++++++++Route IPv6 info+++++++++++++++++++
[   13.629243] cloud-init[1079]: ci-info: +-------+-------------+---------+-----------+-------+
[   13.631316] cloud-init[1079]: ci-info: | Route | Destination | Gateway | Interface | Flags |
[   13.633512] cloud-init[1079]: ci-info: +-------+-------------+---------+-----------+-------+
[   13.635006] cloud-init[1079]: ci-info: |   0   |  fe80::/64  |    ::   |   enp0s8  |   U   |
[   13.636448] cloud-init[1079]: ci-info: |   1   |  fe80::/64  |    ::   |   enp0s3  |   U   |
[   13.638091] cloud-init[1079]: ci-info: |   4   |   ff00::/8  |    ::   |   enp0s8  |   U   |
[   13.640532] cloud-init[1079]: ci-info: |   5   |   ff00::/8  |    ::   |   enp0s3  |   U   |
[   13.641922] cloud-init[1079]: ci-info: +-------+-------------+---------+-----------+-------+
[[0;32m  OK  [0m] Started Initial cloud-init job (metadata service crawler).
[[0;32m  OK  [0m] Reached target Network is Online.
         Starting iSCSI initiator daemon (iscsid)...
[[0;32m  OK  [0m] Reached target Cloud-config availability.
[[0;32m  OK  [0m] Reached target System Initialization.
         Starting Docker Socket for the API.
[[0;32m  OK  [0m] Listening on ACPID Listen Socket.
[[0;32m  OK  [0m] Started ACPI Events Check.
[[0;32m  OK  [0m] Reached target Paths.
         Starting LXD - unix socket.
[[0;32m  OK  [0m] Started Daily Cleanup of Temporary Directories.
[[0;32m  OK  [0m] Listening on UUID daemon activation socket.
[[0;32m  OK  [0m] Started Daily apt download activities.
[[0;32m  OK  [0m] Started Message of the Day.
[[0;32m  OK  [0m] Started Daily apt upgrade and clean activities.
[[0;32m  OK  [0m] Reached target Timers.
         Starting Socket activation for snappy daemon.
[[0;32m  OK  [0m] Listening on D-Bus System Message Bus Socket.
[[0;32m  OK  [0m] Listening on Docker Socket for the API.
[[0;32m  OK  [0m] Listening on LXD - unix socket.
[[0;32m  OK  [0m] Listening on Socket activation for snappy daemon.
[[0;32m  OK  [0m] Started iSCSI initiator daemon (iscsid).
         Starting Login to default iSCSI targets...
[[0;32m  OK  [0m] Reached target Sockets.
[[0;32m  OK  [0m] Reached target Basic System.
         Starting LSB: MD monitoring daemon...
         Starting System Logging Service...
         Starting containerd container runtime...
[[0;32m  OK  [0m] Started FUSE filesystem for LXC.
         Starting LXD - container startup/shutdown...
         Starting /etc/rc.local Compatibility...
[[0;32m  OK  [0m] Started Deferred execution scheduler.
[[0;32m  OK  [0m] Started ACPI event daemon.
         Starting Login Service...
[[0;32m  OK  [0m] Started D-Bus System Message Bus.
         Starting Virtualbox guest utils...
         Starting Accounts Service...
[[0;32m  OK  [0m] Started Regular background program processing daemon.
         Starting LSB: Record successful boot for GRUB...
         Starting Snappy daemon...
         Starting OpenBSD Secure Shell server...
[[0;32m  OK  [0m] Started System Logging Service.
[[0;32m  OK  [0m] Started containerd container runtime.
[[0;32m  OK  [0m] Started /etc/rc.local Compatibility.
         Starting Docker Application Container Engine...
[[0;32m  OK  [0m] Started Login Service.
[[0;32m  OK  [0m] Started Unattended Upgrades Shutdown.
[[0;32m  OK  [0m] Started Login to default iSCSI targets.
[[0;32m  OK  [0m] Reached target Remote File Systems (Pre).
[[0;32m  OK  [0m] Reached target Remote File Systems.
         Starting LSB: automatic crash report generation...
         Starting LSB: Set the CPU Frequency Scaling governor to "ondemand"...
         Starting LSB: Set up cgroupfs mounts....
         Starting LSB: daemon to balance interrupts for SMP systems...
         Starting Permit User Sessions...
[[0;32m  OK  [0m] Started LSB: Set the CPU Frequency Scaling governor to "ondemand".
[[0;32m  OK  [0m] Started Permit User Sessions.
[[0;32m  OK  [0m] Started LSB: MD monitoring daemon.
[[0;32m  OK  [0m] Started LSB: Record successful boot for GRUB.
[[0;32m  OK  [0m] Started LSB: Set up cgroupfs mounts..
         Starting Terminate Plymouth Boot Screen...
         Starting Hold until boot process finishes up...
[[0;32m  OK  [0m] Started Hold until boot process finishes up.
         Starting Set console scheme...
[[0;32m  OK  [0m] Started Getty on tty1.
[[0;32m  OK  [0m] Started Serial Getty on ttyS0.
[[0;32m  OK  [0m] Reached target Login Prompts.
[[0;32m  OK  [0m] Started Set console scheme.
[[0;32m  OK  [0m] Started Terminate Plymouth Boot Screen.
[[0;32m  OK  [0m] Started OpenBSD Secure Shell server.
[[0;32m  OK  [0m] Started LSB: daemon to balance interrupts for SMP systems.
         Starting Authenticate and Authorize Users to Run Privileged Tasks...
[[0;32m  OK  [0m] Started LXD - container startup/shutdown.
[[0;32m  OK  [0m] Started LSB: automatic crash report generation.
[[0;32m  OK  [0m] Started Authenticate and Authorize Users to Run Privileged Tasks.
[[0;32m  OK  [0m] Started Accounts Service.
[[0;32m  OK  [0m] Started Virtualbox guest utils.
[[0;32m  OK  [0m] Started Snappy daemon.
         Starting Wait until snapd is fully seeded...
[[0;32m  OK  [0m] Started Wait until snapd is fully seeded.
         Starting Apply the settings specified in cloud-config...
[   15.350152] cloud-init[1364]: Cloud-init v. 19.4-33-gbb4131a2-0ubuntu1~16.04.1 running 'modules:config' at Sun, 07 Jun 2020 07:52:04 +0000. Up 15.17 seconds.
[[0;32m  OK  [0m] Started Apply the settings specified in cloud-config.
[[0;32m  OK  [0m] Created slice User Slice of vagrant.
         Starting User Manager for UID 1000...
[[0;32m  OK  [0m] Started Session 1 of user vagrant.
[[0;32m  OK  [0m] Started User Manager for UID 1000.
[[0;32m  OK  [0m] Started Docker Application Container Engine.
[[0;32m  OK  [0m] Reached target Multi-User System.
[[0;32m  OK  [0m] Reached target Graphical Interface.
         Starting Execute cloud user/final scripts...
         Starting Update UTMP about System Runlevel Changes...
[[0;32m  OK  [0m] Started Update UTMP about System Runlevel Changes.
[   18.720377] cloud-init[1866]: Cloud-init v. 19.4-33-gbb4131a2-0ubuntu1~16.04.1 running 'modules:final' at Sun, 07 Jun 2020 07:52:08 +0000. Up 18.45 seconds.
[   18.735654] cloud-init[1866]: Cloud-init v. 19.4-33-gbb4131a2-0ubuntu1~16.04.1 finished at Sun, 07 Jun 2020 07:52:08 +0000. Datasource DataSourceNoCloud [seed=/dev/sdb][dsmode=net].  Up 18.69 seconds
[[0;32m  OK  [0m] Started Execute cloud user/final scripts.
[[0;32m  OK  [0m] Reached target Cloud-init target.

Ubuntu 16.04.6 LTS host01 ttyS0

host01 login:          Stopping Authenticate and Authorize Users to Run Privileged Tasks...
         Stopping Session 4 of user vagrant.
[[0;32m  OK  [0m] Stopped target Timers.
[[0;32m  OK  [0m] Stopped Daily apt upgrade and clean activities.
[[0;32m  OK  [0m] Stopped Daily apt download activities.
         Stopping ACPI event daemon...
         Stopping Session 2 of user vagrant.
[[0;32m  OK  [0m] Stopped Message of the Day.
[[0;32m  OK  [0m] Stopped target System Time Synchronized.
[[0;32m  OK  [0m] Stopped target Graphical Interface.
         Stopping Accounts Service...
[[0;32m  OK  [0m] Closed Load/Save RF Kill Switch Status /dev/rfkill Watch.
[[0;32m  OK  [0m] Stopped Daily Cleanup of Temporary Directories.
         Stopping User Manager for UID 1000...
[[0;32m  OK  [0m] Stopped target Cloud-init target.
[[0;32m  OK  [0m] Stopped Execute cloud user/final scripts.
[[0;32m  OK  [0m] Stopped target Multi-User System.
         Stopping Virtualbox guest utils...
         Stopping LSB: automatic crash report generation...
         Stopping LSB: Set the CPU Frequency Scaling governor to "ondemand"...
         Stopping LSB: Record successful boot for GRUB...
         Stopping Docker Application Container Engine...
         Stopping OpenBSD Secure Shell server...
         Stopping System Logging Service...
         Stopping LSB: MD monitoring daemon...
         Stopping D-Bus System Message Bus...
         Stopping Deferred execution scheduler...
         Stopping LSB: Set up cgroupfs mounts....
         Stopping Regular background program processing daemon...
         Stopping FUSE filesystem for LXC...
         Stopping LSB: daemon to balance interrupts for SMP systems...
[[0;32m  OK  [0m] Stopped target Login Prompts.
         Stopping Getty on tty1...
         Stopping Serial Getty on ttyS0...
         Stopping LXD - container startup/shutdown...
[[0;32m  OK  [0m] Stopped Apply the settings specified in cloud-config.
[[0;32m  OK  [0m] Stopped target Cloud-config availability.
[[0;32m  OK  [0m] Stopped Wait until snapd is fully seeded.
[[0;32m  OK  [0m] Unmounted /var/lib/lxcfs.
[[0;32m  OK  [0m] Stopped System Logging Service.
[[0;32m  OK  [0m] Stopped Deferred execution scheduler.
[[0;32m  OK  [0m] Stopped ACPI event daemon.
[[0;32m  OK  [0m] Stopped Accounts Service.
[[0;32m  OK  [0m] Stopped Regular background program processing daemon.
[[0;32m  OK  [0m] Stopped OpenBSD Secure Shell server.
[[0;32m  OK  [0m] Stopped Getty on tty1.
[[0;32m  OK  [0m] Stopped Serial Getty on ttyS0.
[[0;32m  OK  [0m] Stopped Authenticate and Authorize Users to Run Privileged Tasks.
[[0;32m  OK  [0m] Stopped User Manager for UID 1000.
[[0;32m  OK  [0m] Stopped Session 4 of user vagrant.
[[0;32m  OK  [0m] Stopped Session 2 of user vagrant.
[[0;32m  OK  [0m] Stopped D-Bus System Message Bus.
[[0;32m  OK  [0m] Stopped LSB: Set up cgroupfs mounts..
[[0;32m  OK  [0m] Stopped FUSE filesystem for LXC.
[[0;32m  OK  [0m] Stopped LXD - container startup/shutdown.
[[0;32m  OK  [0m] Stopped LSB: Set the CPU Frequency Scaling governor to "ondemand".
[[0;32m  OK  [0m] Stopped LSB: automatic crash report generation.
[[0;32m  OK  [0m] Stopped LSB: Record successful boot for GRUB.
[[0;32m  OK  [0m] Removed slice User Slice of vagrant.
         Stopping Login Service...
[[0;32m  OK  [0m] Removed slice system-serial\x2dgetty.slice.
[[0;32m  OK  [0m] Stopped /etc/rc.local Compatibility.
[[0;32m  OK  [0m] Removed slice system-getty.slice.
         Stopping Permit User Sessions...
[[0;32m  OK  [0m] Stopped LSB: MD monitoring daemon.
[[0;32m  OK  [0m] Stopped LSB: daemon to balance interrupts for SMP systems.
[[0;32m  OK  [0m] Stopped Permit User Sessions.
[[0;32m  OK  [0m] Stopped target Remote File Systems.
[[0;32m  OK  [0m] Stopped target Remote File Systems (Pre).
         Stopping Login to default iSCSI targets...
[[0;32m  OK  [0m] Stopped Virtualbox guest utils.
[[0;32m  OK  [0m] Stopped Login Service.
[[0;32m  OK  [0m] Stopped target User and Group Name Lookups.
[ 2360.395041] IPVS: rr: FWM 256 0x00000100 - no destination available
[ 2360.413042] IPVS: rr: FWM 256 0x00000100 - no destination available
[ 2360.415862] IPVS: rr: FWM 256 0x00000100 - no destination available
[[0;32m  OK  [0m] Stopped Login to default iSCSI targets.
         Stopping iSCSI initiator daemon (iscsid)...
[[0;32m  OK  [0m] Stopped iSCSI initiator daemon (iscsid).
[[0;32m  OK  [0m] Unmounted /run/docker/netns/f2eca880c597.
[[0;32m  OK  [0m] Unmounted /var/lib/docker/overlay2/...fd4204a9ff9cc27fae78c8fc/merged.
[[0;32m  OK  [0m] Unmounted /run/docker/netns/4fa98e7c6464.
[[0;32m  OK  [0m] Unmounted /var/lib/docker/overlay2/...b653d42f3574b0aafd947b99/merged.
[[0;32m  OK  [0m] Unmounted /run/docker/netns/970c2d5a550b.
[[0;32m  OK  [0m] Unmounted /var/lib/docker/overlay2/...6b2103cf8bcf688aa95e697d/merged.
[[0;32m  OK  [0m] Unmounted /run/docker/netns/63d2500547c0.
[[0;32m  OK  [0m] Unmounted /var/lib/docker/overlay2/...182889e375047ae6be9e1954/merged.
[[0;32m  OK  [0m] Unmounted /run/docker/netns/f1b5e2f1c998.
[[0;32m  OK  [0m] Unmounted /var/lib/docker/overlay2/...78d5367cd19e2930029007ac/merged.
[[0;32m  OK  [0m] Unmounted /run/docker/netns/cd6de0516fa4.
[[0;32m  OK  [0m] Unmounted /var/lib/docker/overlay2/...65c45ed5bd69d8dd29163160/merged.
[[0;32m  OK  [0m] Unmounted /run/docker/netns/87598a28e560.
[[0;32m  OK  [0m] Unmounted /var/lib/docker/overlay2/...ca5f68d25d51bbf673e04540/merged.
[[0;32m  OK  [0m] Unmounted /run/docker/netns/7939cd         Stopping Authenticate and Authorize Users to Run Privileged Tasks...
         Stopping User Manager for UID 1000...
[[0;32m  OK  [0m] Stopped target Graphical Interface.
[[0;32m  OK  [0m] Closed Load/Save RF Kill Switch Status /dev/rfkill Watch.
[[0;32m  OK  [0m] Stopped target Cloud-init target.
[[0;32m  OK  [0m] Sto[[0;32m  OK  [0m] Stopped Unattended Upgrades Shutdown.
[[0;32m  OK  [0m] Closed Load/Save RF Kill Switch Status /dev/rfkill Watch.
[[0;32m  OK  [0m] Stopped target Cloud-init target.
         Stopping Session 5 of user vagrant.
         Stopping ACPI event daemon...
         Stopping User Manager for UID 1000...
         Stopping Session 3 of user vagrant.
[[0;32m  OK  [0m] Stopped target Graphical Interface.
         Stopping Accounts Service...
[[0;32m  OK  [0m] Stopped target Timers.
[[0;32m  OK  [0m] Stopped Message of the Day.
[[0;32m  OK  [0m] Stopped Daily apt upgrade and clean activities.
[[0;32m  OK  [0m] Stopped Daily Cleanup of Temporary Directories.
[[0;32m  OK  [0m] Stopped Daily apt download activities.
[[0;32m  OK  [0m] Stopped target System Time Synchronized.
         Stopping Authenticate and Authorize Users to Run Privileged Tasks...
[[0;32m  OK  [0m] Stopped Execute cloud user/final scripts.
[[0;32m  OK  [0m] Stopped Apply the settings specified in cloud-config.
[[0;32m  OK  [0m] Stopped target Cloud-config availability.
[[0;32m  OK  [0m] Stopped target Multi-         Stopping LSB: Set up cgroupfs mounts....
         Stopping LSB: daemon to balance interrupts for SMP systems...
         Stopping Virtualbox guest utils...
         Stopping LSB: Set the CPU Frequency Scaling governor to "ondemand"...
         Stopping LXD - container startup/shutdown...
         Stopping OpenBSD Secure Shell server...
[[0;32m  OK  [0m] Stopped Wait until snapd is fully seeded.
         Stopping D-Bus System Message Bus...
         Stopping Regular background program processing daemon...
         Stopping LSB: MD monitoring daemon...
         Stopping LSB: Record successful boot for GRUB...
         Stopping Deferred execution scheduler...
         Stopping FUSE filesystem for LXC...
         Stopping Docker Application Container Engine...
         Stopping System Logging Service...
         Stopping LSB: automatic crash report generation...
[[0;32m  OK  [0m] Unmounted /var/lib/lxcfs.
[[0;32m  OK  [0m] Stopped Deferred execution scheduler.
[[0;32m  OK  [0m] Stopped System Logging Service.
[[0;32m  OK  [0m] Stopped Accounts Service.
[[0;32m  OK  [0m] Stopped ACPI event daemon.
[[0;32m  OK  [0m] Stopped Regular background program processing daemon.
[[0;32m  OK  [0m] Stopped Authenticate and Authorize Users to Run Privileged Tasks.
[[0;32m  OK  [0m] Stopped Serial Getty on ttyS0.
[[0;32m  OK  [0m] Stopped Getty on tty1.
[[0;32m  OK  [0m] Stopped OpenBSD Secure Shell server.
[[0;32m  OK  [0m] Stopped User Manager for UID 1000.
[[0;32m  OK  [0m] Stopped Session 5 of user vagrant.
[[0;32m  OK  [0m] Stopped LSB: Set up cgroupfs mounts..
[[0;32m  OK  [0m] Stopped D-Bus System Message Bus.
[[0;32m  OK  [0m] Stopped FUSE filesystem for LXC.
[[0;32m  OK  [0m] Stopped LXD - container startup/shutdown.
[[0;32m  OK  [0m] Stopped LSB: daemon to balance interrupts for SMP systems.
[[0;32m  OK  [0m] Stopped LSB: Set the CPU Frequency Scaling governor to "ondemand".
[[0;32m  OK  [0m] Removed slice system-getty.slice.
[[0;32m  OK  [0m] Removed slice system-serial\x2dgetty.slice.
[[0;32m  OK  [0m] Stopped /etc/rc.local Compatibility.
[[0;32m  OK  [0m] Stopped LSB: Record successful boot for GRUB.
[[0;32m  OK  [0m] Stopped Session 3 of user vagrant.
[[0;32m  OK  [0m] Stopped LSB: MD monitoring daemon.
[[0;32m  OK  [0m] Stopped LSB: automatic crash report generation.
[[0;32m  OK  [0m] Removed slice User Slice of vagrant.
         Stopping Permit User Sessions...
         Stopping Login Service...
[[0;32m  OK  [0m] Stopped Virtualbox guest utils.
[[0;32m  OK  [0m] Stopped Permit User Sessions.
[[0;32m  OK  [0m] Stopped target Remote File Systems.
[[0;32m  OK  [0m] Stopped target Remote File Systems (Pre).
         Stopping Login to default iSCSI targets...
[[0;32m  OK  [0m] Stopped Login Service.
[[0;32m  OK  [0m] Stopped target User and Group Name Lookups.
[[0;32m  OK  [0m] Stopped Login to default iSCSI targets.
         Stopping iSCSI initiator daemon (iscsid)...
[[0;32m  OK  [0m] Stopped iSCSI initiator daemon (iscsid).
[[0;32m  OK  [0m] Unmounted /run/docker/netns/f6967a64786d.
[[0;32m  OK  [0m] Unmounted /run/docker/netns/7cf4d62d42b9.
[[0;32m  OK  [0m] Unmounted /run/docker/netns/bc33110697a1.
[[0;32m  OK  [0m] Unmounted /run/docker/netns/0d53811fca15.
[[0;32m  OK  [0m] Unmounted /var/lib/docker/overlay2/...f8285b03dae7a947b94b11bf/merged.
[[0;32m  OK  [0m] Unmounted /var/lib/docker/overlay2/...487426d2f147e19bdee4ef2e/merged.
[[0;32m  OK  [0m] Unmounted /var/lib/docker/overlay2/...8912ec9635b2f780788ae6d5/merged.
[[0;32m  OK  [0m] Unmounted /var/lib/docker/overlay2/...225d8f2a7f61014fde9c578f/merged.
[[0;32m  OK  [0m] Unmounted /run/docker/netns/1-a4tx4x5gin.
[[0;32m  OK  [0m] Unmounted /run/docker/netns/ingress_sbox.
[[0;32m  OK  [0m] Stopped Docker Application Container Engine.
[[0;32m  OK  [0m] Stopped target Network is Online.
         Stopping containerd container runtime...
[[0;32m  OK  [0m] Stopped containerd container runtime.
[[0;32m  OK  [0m] Stopped target Basic System.
[[0;32m  OK  [0m] Stopped target Slices.
[[0;32m  OK  [0m] Removed slice User and Session Slice.
[[0;32m  OK  [0m] Stopped target Paths.
[[0;32m  OK  [0m] Stopped Dispatch Password Requests to Console Directory Watch.
[[0;32m  OK  [0m] Stopped Forward Password Requests to Wall Directory Watch.
[[0;32m  OK  [0m] Stopped ACPI Events Check.
[[0;32m  OK  [0m] Stopped target Sockets.
[[0;32m  OK  [0m] Closed Socket activation for snappy daemon.
[[0;32m  OK  [0m] Closed UUID daemon activation socket.
[[0;32m  OK  [0m] Closed ACPID Listen Socket.
[[0;32m  OK  [0m] Closed LXD - unix socket.
[[0;32m  OK  [0m] Closed Syslog Socket.
[[0;32m  OK  [0m] Closed D-Bus System Message Bus Socket.
[[0;32m  OK  [0m] Closed Docker Socket for the API.
[[0;32m  OK  [0m] Stopped target Network.
[[0;32m  OK  [0m] Stopped target System Initialization.
         Stopping Load/Save Random Seed...
[[0;32m  OK  [0m] Stopped target Swap.
[[0;32m  OK  [0m] Stopped Initial cloud-init job (metadata service crawler).
         Stopping Raise network interfaces...
         Stopping Update UTMP about System Boot/Shutdown...
[[0;32m  OK  [0m] Stopped Commit a transient machine-id on disk.
[[0;32m  OK  [0m] Stopped target Encrypted Volumes.
[[0;32m  OK  [0m] Stopped Load/Save Random Seed.
[[0;32m  OK  [0m] Stopped Update UTMP about System Boot/Shutdown.
[[0;32m  OK  [0m] Stopped Create Volatile Files and Directories.
[[0;32m  OK  [0m] Stopped Raise network interfaces.
[[0;32m  OK  [0m] Stopped Apply Kernel Variables.
[[0;32m  OK  [0m] Stopped Load Kernel Modules.
[[0;32m  OK  [0m] Stopped target Local File Systems.
         Unmounting /run/user/1000...
         Unmounting /vagrant...
[[0;32m  OK  [0m] Stopped target Network (Pre).
[[0;32m  OK  [0m] Stopped Initial cloud-init job (pre-networking).
[[0;32m  OK  [0m] Unmounted /run/user/1000.
[[0;32m  OK  [0m] Unmounted /vagrant.
[[0;32m  OK  [0m] Reached target Unmount All Filesystems.
[[0;32m  OK  [0m] Stopped target Local File Systems (Pre).
[[0;32m  OK  [0m] Stopped Create Static Device Nodes in /dev.
         Stopping Monitoring of LVM2 mirrors... dmeventd or progress polling...
[[0;32m  OK  [0m] Stopped Remount Root and Kernel File Systems.
[[0;32m  OK  [0m] Reached target Shutdown.
[ 3379.808349] reboot: Power down
